-------------------------------------------------------------------------------
Test set: no.fdk.resourceservice.integration.KafkaIntegrationTest
-------------------------------------------------------------------------------
Tests run: 6, Failures: 2, Errors: 0, Skipped: 0, Time elapsed: 59.35 s <<< FAILURE! -- in no.fdk.resourceservice.integration.KafkaIntegrationTest
no.fdk.resourceservice.integration.KafkaIntegrationTest.should produce and consume Kafka messages end-to-end -- Time elapsed: 2.072 s <<< FAILURE!
org.opentest4j.AssertionFailedError: Resource should be stored in database ==> expected: not <null>
	at org.junit.jupiter.api.AssertionFailureBuilder.build(AssertionFailureBuilder.java:152)
	at org.junit.jupiter.api.AssertionFailureBuilder.buildAndThrow(AssertionFailureBuilder.java:132)
	at org.junit.jupiter.api.AssertNotNull.failNull(AssertNotNull.java:49)
	at org.junit.jupiter.api.AssertNotNull.assertNotNull(AssertNotNull.java:35)
	at org.junit.jupiter.api.Assertions.assertNotNull(Assertions.java:312)
	at no.fdk.resourceservice.integration.KafkaIntegrationTest.should produce and consume Kafka messages end-to-end(KafkaIntegrationTest.kt:102)
	at java.base/java.lang.reflect.Method.invoke(Method.java:580)
	at java.base/java.util.ArrayList.forEach(ArrayList.java:1597)
	at java.base/java.util.ArrayList.forEach(ArrayList.java:1597)

no.fdk.resourceservice.integration.KafkaIntegrationTest.should handle resource updates via Kafka -- Time elapsed: 2.058 s <<< FAILURE!
org.opentest4j.AssertionFailedError: expected: not <null>
	at org.junit.jupiter.api.AssertionFailureBuilder.build(AssertionFailureBuilder.java:152)
	at org.junit.jupiter.api.AssertionFailureBuilder.buildAndThrow(AssertionFailureBuilder.java:132)
	at org.junit.jupiter.api.AssertNotNull.failNull(AssertNotNull.java:49)
	at org.junit.jupiter.api.AssertNotNull.assertNotNull(AssertNotNull.java:35)
	at org.junit.jupiter.api.AssertNotNull.assertNotNull(AssertNotNull.java:30)
	at org.junit.jupiter.api.Assertions.assertNotNull(Assertions.java:304)
	at no.fdk.resourceservice.integration.KafkaIntegrationTest.should handle resource updates via Kafka(KafkaIntegrationTest.kt:400)
	at java.base/java.lang.reflect.Method.invoke(Method.java:580)
	at java.base/java.util.ArrayList.forEach(ArrayList.java:1597)
	at java.base/java.util.ArrayList.forEach(ArrayList.java:1597)

