<?xml version="1.0" encoding="UTF-8"?>
<testsuite xmlns:xsi="http://www.w3.org/2001/XMLSchema-instance" xsi:noNamespaceSchemaLocation="https://maven.apache.org/surefire/maven-surefire-plugin/xsd/surefire-test-report.xsd" version="3.0.2" name="no.fdk.resourceservice.controller.DataServiceControllerTest" time="0.028" tests="4" errors="0" skipped="0" failures="0">
  <properties>
[...]
</properties>
  <testcase name="get data service by uri should return 404 when not found" classname="no.fdk.resourceservice.controller.DataServiceControllerTest" time="0.007">
    <system-out><![CDATA[2025-10-24T17:25:46.236+02:00  INFO 18521 --- [fdk-resource-service] [           main] t.c.s.AnnotationConfigContextLoaderUtils : Could not detect default configuration classes for test class [no.fdk.resourceservice.controller.DataServiceControllerTest]: DataServiceControllerTest does not declare any static, non-private, non-final, nested classes annotated with @Configuration.
2025-10-24T17:25:46.239+02:00  INFO 18521 --- [fdk-resource-service] [           main] .b.t.c.SpringBootTestContextBootstrapper : Found @SpringBootConfiguration no.fdk.resourceservice.FdkResourceServiceApplication for test class no.fdk.resourceservice.controller.DataServiceControllerTest
2025-10-24T17:25:46.247+02:00 DEBUG 18521 --- [fdk-resource-service] [           main] n.f.r.controller.DataServiceController   : Getting data service with uri: https://example.com/non-existent-data-service
]]></system-out>
  </testcase>
  <testcase name="get data service by uri should return 200 when found" classname="no.fdk.resourceservice.controller.DataServiceControllerTest" time="0.005">
    <system-out><![CDATA[2025-10-24T17:25:46.252+02:00 DEBUG 18521 --- [fdk-resource-service] [           main] n.f.r.controller.DataServiceController   : Getting data service with uri: https://example.com/data-service
]]></system-out>
  </testcase>
  <testcase name="get data service by id should return 200 when found" classname="no.fdk.resourceservice.controller.DataServiceControllerTest" time="0.004">
    <system-out><![CDATA[2025-10-24T17:25:46.257+02:00 DEBUG 18521 --- [fdk-resource-service] [           main] n.f.r.controller.DataServiceController   : Getting data service with id: test-data-service-1
]]></system-out>
  </testcase>
  <testcase name="get data service by id should return 404 when not found" classname="no.fdk.resourceservice.controller.DataServiceControllerTest" time="0.003">
    <system-out><![CDATA[2025-10-24T17:25:46.261+02:00 DEBUG 18521 --- [fdk-resource-service] [           main] n.f.r.controller.DataServiceController   : Getting data service with id: non-existent-data-service
]]></system-out>
  </testcase>
</testsuite>