<?xml version="1.0" encoding="UTF-8"?>
<testsuite xmlns:xsi="http://www.w3.org/2001/XMLSchema-instance" xsi:noNamespaceSchemaLocation="https://maven.apache.org/surefire/maven-surefire-plugin/xsd/surefire-test-report.xsd" version="3.0.2" name="no.fdk.resourceservice.integration.KafkaIntegrationTest" time="59.351" tests="6" errors="0" skipped="0" failures="2">
  <properties>
[...]
</properties>
  <testcase name="should handle multiple resource types via Kafka" classname="no.fdk.resourceservice.integration.KafkaIntegrationTest" time="10.674">
    <system-out><![CDATA[18:29:27.071 [main] INFO org.springframework.test.context.support.AnnotationConfigContextLoaderUtils -- Could not detect default configuration classes for test class [no.fdk.resourceservice.integration.BaseIntegrationTest]: BaseIntegrationTest does not declare any static, non-private, non-final, nested classes annotated with @Configuration.
18:29:27.296 [main] INFO org.springframework.boot.test.context.SpringBootTestContextBootstrapper -- Found @SpringBootConfiguration no.fdk.resourceservice.FdkResourceServiceApplication for test class no.fdk.resourceservice.integration.KafkaIntegrationTest
18:29:27.511 [main] INFO org.testcontainers.images.PullPolicy -- Image pull policy will be performed by: DefaultPullPolicy()
18:29:27.513 [main] INFO org.testcontainers.utility.ImageNameSubstitutor -- Image name substitution will be performed by: DefaultImageNameSubstitutor (composite of 'ConfigurationFileImageNameSubstitutor' and 'PrefixingImageNameSubstitutor')
18:29:27.628 [main] INFO org.testcontainers.dockerclient.DockerClientProviderStrategy -- Loaded org.testcontainers.dockerclient.UnixSocketClientProviderStrategy from ~/.testcontainers.properties, will try it first
18:29:27.812 [main] INFO org.testcontainers.dockerclient.DockerClientProviderStrategy -- Found Docker environment with local Unix socket (unix:///var/run/docker.sock)
18:29:27.813 [main] INFO org.testcontainers.DockerClientFactory -- Docker host IP address is localhost
18:29:27.844 [main] INFO org.testcontainers.DockerClientFactory -- Connected to docker: 
  Server Version: 5.4.2
  API Version: 1.41
  Operating System: fedora
  Total Memory: 3616 MB
18:29:27.890 [main] INFO tc.testcontainers/ryuk:0.5.1 -- Creating container for image: testcontainers/ryuk:0.5.1
18:29:27.893 [main] INFO org.testcontainers.utility.RegistryAuthLocator -- Failure when attempting to lookup auth config. Please ignore if you don't have images in an authenticated registry. Details: (dockerImageName: testcontainers/ryuk:0.5.1, configFile: /Users/jeffreiffers/.docker/config.json, configEnv: DOCKER_AUTH_CONFIG). Falling back to docker-java default behaviour. Exception message: Status 404: No config supplied. Checked in order: /Users/jeffreiffers/.docker/config.json (file not found), DOCKER_AUTH_CONFIG (not set)
18:29:27.927 [main] INFO tc.testcontainers/ryuk:0.5.1 -- Container testcontainers/ryuk:0.5.1 is starting: ee9b8ee10cd45794285fc14adf7dcfeb076fca7cfe2ed4cc3ac7baf32f2e3909
18:29:28.063 [main] INFO tc.testcontainers/ryuk:0.5.1 -- Container testcontainers/ryuk:0.5.1 started in PT0.172703S
18:29:28.067 [main] INFO org.testcontainers.utility.RyukResourceReaper -- Ryuk started - will monitor and terminate Testcontainers containers on JVM exit
18:29:28.067 [main] INFO org.testcontainers.DockerClientFactory -- Checking the system...
18:29:28.067 [main] INFO org.testcontainers.DockerClientFactory -- ✔︎ Docker server version should be at least 1.6.0
18:29:28.073 [main] INFO tc.confluentinc/cp-kafka:7.4.0 -- Creating container for image: confluentinc/cp-kafka:7.4.0
18:29:28.077 [main] WARN tc.confluentinc/cp-kafka:7.4.0 -- Reuse was requested but the environment does not support the reuse of containers
To enable reuse of containers, you must set 'testcontainers.reuse.enable=true' in a file located at /Users/jeffreiffers/.testcontainers.properties
18:29:28.091 [main] INFO tc.confluentinc/cp-kafka:7.4.0 -- Container confluentinc/cp-kafka:7.4.0 is starting: b2679386b302c3d5ae3520190f68a2bcdcf1af68fd37f9eac7a15e73eced7284
18:29:30.358 [main] INFO tc.confluentinc/cp-kafka:7.4.0 -- Container confluentinc/cp-kafka:7.4.0 started in PT2.285646S
18:29:30.366 [main] INFO tc.postgres:15 -- Creating container for image: postgres:15
18:29:30.367 [main] WARN tc.postgres:15 -- Reuse was requested but the environment does not support the reuse of containers
To enable reuse of containers, you must set 'testcontainers.reuse.enable=true' in a file located at /Users/jeffreiffers/.testcontainers.properties
18:29:30.379 [main] INFO tc.postgres:15 -- Container postgres:15 is starting: 56fd79fb22f2556edce3315c6beb78f18a72a77a94b27cb863acc71a3a2f5dc6
18:29:31.369 [main] INFO tc.postgres:15 -- Container postgres:15 started in PT1.002561S
18:29:31.370 [main] INFO tc.postgres:15 -- Container is started (JDBC URL: jdbc:postgresql://localhost:45801/fdk_resource_service?loggerLevel=OFF)
18:29:31.387 [main] INFO tc.confluentinc/cp-schema-registry:7.4.0 -- Creating container for image: confluentinc/cp-schema-registry:7.4.0
18:29:31.388 [main] WARN tc.confluentinc/cp-schema-registry:7.4.0 -- Reuse was requested but the environment does not support the reuse of containers
To enable reuse of containers, you must set 'testcontainers.reuse.enable=true' in a file located at /Users/jeffreiffers/.testcontainers.properties
18:29:31.416 [main] INFO tc.confluentinc/cp-schema-registry:7.4.0 -- Container confluentinc/cp-schema-registry:7.4.0 is starting: b2cf47fcdc530e444e408750009f7e5dcce038169dcac5f1bebd4208315c84f3
18:29:31.533 [main] INFO org.testcontainers.containers.wait.strategy.HttpWaitStrategy -- /inspiring_mcnulty: Waiting for 60 seconds for URL: http://localhost:43977/subjects (where port 43977 maps to container port 8081)
18:29:35.755 [main] INFO tc.confluentinc/cp-schema-registry:7.4.0 -- Container confluentinc/cp-schema-registry:7.4.0 started in PT4.368238S

  .   ____          _            __ _ _
 /\\ / ___'_ __ _ _(_)_ __  __ _ \ \ \ \
( ( )\___ | '_ | '_| | '_ \/ _` | \ \ \ \
 \\/  ___)| |_)| | | | | || (_| |  ) ) ) )
  '  |____| .__|_| |_|_| |_\__, | / / / /
 =========|_|==============|___/=/_/_/_/

 :: Spring Boot ::                (v3.5.6)

2025-10-24T18:29:35.981+02:00  INFO 34429 --- [fdk-resource-service] [           main] n.f.r.integration.KafkaIntegrationTest   : Starting KafkaIntegrationTest using Java 22 with PID 34429 (started by jeffreiffers in /Users/jeffreiffers/Digdir/fdk-resource-service)
2025-10-24T18:29:35.982+02:00 DEBUG 34429 --- [fdk-resource-service] [           main] n.f.r.integration.KafkaIntegrationTest   : Running with Spring Boot v3.5.6, Spring v6.2.11
2025-10-24T18:29:35.982+02:00  INFO 34429 --- [fdk-resource-service] [           main] n.f.r.integration.KafkaIntegrationTest   : The following 1 profile is active: "test"
2025-10-24T18:29:36.551+02:00  INFO 34429 --- [fdk-resource-service] [           main] .s.d.r.c.RepositoryConfigurationDelegate : Bootstrapping Spring Data JPA repositories in DEFAULT mode.
2025-10-24T18:29:36.618+02:00  INFO 34429 --- [fdk-resource-service] [           main] .s.d.r.c.RepositoryConfigurationDelegate : Finished Spring Data repository scanning in 62 ms. Found 1 JPA repository interface.
2025-10-24T18:29:37.067+02:00  INFO 34429 --- [fdk-resource-service] [           main] o.hibernate.jpa.internal.util.LogHelper  : HHH000204: Processing PersistenceUnitInfo [name: default]
2025-10-24T18:29:37.096+02:00  INFO 34429 --- [fdk-resource-service] [           main] org.hibernate.Version                    : HHH000412: Hibernate ORM core version 6.6.29.Final
2025-10-24T18:29:37.112+02:00  INFO 34429 --- [fdk-resource-service] [           main] o.h.c.internal.RegionFactoryInitiator    : HHH000026: Second-level cache disabled
2025-10-24T18:29:37.237+02:00  INFO 34429 --- [fdk-resource-service] [           main] o.s.o.j.p.SpringPersistenceUnitInfo      : No LoadTimeWeaver setup: ignoring JPA class transformer
2025-10-24T18:29:37.250+02:00  INFO 34429 --- [fdk-resource-service] [           main] com.zaxxer.hikari.HikariDataSource       : HikariPool-1 - Starting...
2025-10-24T18:29:37.344+02:00  INFO 34429 --- [fdk-resource-service] [           main] com.zaxxer.hikari.pool.HikariPool        : HikariPool-1 - Added connection org.postgresql.jdbc.PgConnection@594793d1
2025-10-24T18:29:37.345+02:00  INFO 34429 --- [fdk-resource-service] [           main] com.zaxxer.hikari.HikariDataSource       : HikariPool-1 - Start completed.
2025-10-24T18:29:37.364+02:00  WARN 34429 --- [fdk-resource-service] [           main] org.hibernate.orm.deprecation            : HHH90000025: PostgreSQLDialect does not need to be specified explicitly using 'hibernate.dialect' (remove the property setting and it will be selected by default)
2025-10-24T18:29:37.375+02:00  INFO 34429 --- [fdk-resource-service] [           main] org.hibernate.orm.connections.pooling    : HHH10001005: Database info:
	Database JDBC URL [Connecting through datasource 'HikariDataSource (HikariPool-1)']
	Database driver: undefined/unknown
	Database version: 15.14
	Autocommit mode: undefined/unknown
	Isolation level: undefined/unknown
	Minimum pool size: undefined/unknown
	Maximum pool size: undefined/unknown
2025-10-24T18:29:37.837+02:00  INFO 34429 --- [fdk-resource-service] [           main] o.h.e.t.j.p.i.JtaPlatformInitiator       : HHH000489: No JTA platform available (set 'hibernate.transaction.jta.platform' to enable JTA platform integration)
2025-10-24T18:29:37.843+02:00 DEBUG 34429 --- [fdk-resource-service] [           main] org.hibernate.SQL                        : 
    set client_min_messages = WARNING
Hibernate: 
    set client_min_messages = WARNING
2025-10-24T18:29:37.845+02:00 DEBUG 34429 --- [fdk-resource-service] [           main] org.hibernate.SQL                        : 
    drop table if exists resources cascade
Hibernate: 
    drop table if exists resources cascade
2025-10-24T18:29:37.847+02:00 DEBUG 34429 --- [fdk-resource-service] [           main] org.hibernate.SQL                        : 
    create table resources (
        deleted boolean not null,
        created_at timestamp(6) with time zone not null,
        timestamp bigint not null,
        updated_at timestamp(6) with time zone not null,
        resource_type varchar(50) not null,
        id varchar(255) not null,
        resource_json jsonb,
        resource_json_ld jsonb,
        primary key (id)
    )
Hibernate: 
    create table resources (
        deleted boolean not null,
        created_at timestamp(6) with time zone not null,
        timestamp bigint not null,
        updated_at timestamp(6) with time zone not null,
        resource_type varchar(50) not null,
        id varchar(255) not null,
        resource_json jsonb,
        resource_json_ld jsonb,
        primary key (id)
    )
2025-10-24T18:29:37.854+02:00  INFO 34429 --- [fdk-resource-service] [           main] j.LocalContainerEntityManagerFactoryBean : Initialized JPA EntityManagerFactory for persistence unit 'default'
2025-10-24T18:29:37.952+02:00  WARN 34429 --- [fdk-resource-service] [           main] JpaBaseConfiguration$JpaWebConfiguration : spring.jpa.open-in-view is enabled by default. Therefore, database queries may be performed during view rendering. Explicitly configure spring.jpa.open-in-view to disable this warning
2025-10-24T18:29:38.408+02:00  INFO 34429 --- [fdk-resource-service] [           main] o.s.d.j.r.query.QueryEnhancerFactory     : Hibernate is in classpath; If applicable, HQL parser will be used.
2025-10-24T18:29:39.077+02:00  INFO 34429 --- [fdk-resource-service] [           main] o.s.b.a.e.web.EndpointLinksResolver      : Exposing 3 endpoints beneath base path '/actuator'
2025-10-24T18:29:39.088+02:00  INFO 34429 --- [fdk-resource-service] [           main] n.f.r.integration.KafkaIntegrationTest   : Started KafkaIntegrationTest in 3.296 seconds (process running for 12.503)
2025-10-24T18:29:39.253+02:00 DEBUG 34429 --- [fdk-resource-service] [           main] KafkaListenerAnnotationBeanPostProcessor : No retry topic configuration found for topics [information-model-events]
2025-10-24T18:29:39.304+02:00  INFO 34429 --- [fdk-resource-service] [           main] o.a.k.clients.consumer.ConsumerConfig    : ConsumerConfig values: 
	allow.auto.create.topics = true
	auto.commit.interval.ms = 5000
	auto.include.jmx.reporter = true
	auto.offset.reset = earliest
	bootstrap.servers = [PLAINTEXT://localhost:42839]
	check.crcs = true
	client.dns.lookup = use_all_dns_ips
	client.id = consumer-test-group-1
	client.rack = 
	connections.max.idle.ms = 540000
	default.api.timeout.ms = 60000
	enable.auto.commit = false
	enable.metrics.push = true
	exclude.internal.topics = true
	fetch.max.bytes = 52428800
	fetch.max.wait.ms = 500
	fetch.min.bytes = 1
	group.id = test-group
	group.instance.id = null
	group.protocol = classic
	group.remote.assignor = null
	heartbeat.interval.ms = 3000
	interceptor.classes = []
	internal.leave.group.on.close = true
	internal.throw.on.fetch.stable.offset.unsupported = false
	isolation.level = read_uncommitted
	key.deserializer = class org.apache.kafka.common.serialization.StringDeserializer
	max.partition.fetch.bytes = 1048576
	max.poll.interval.ms = 300000
	max.poll.records = 500
	metadata.max.age.ms = 300000
	metadata.recovery.strategy = none
	metric.reporters = []
	metrics.num.samples = 2
	metrics.recording.level = INFO
	metrics.sample.window.ms = 30000
	partition.assignment.strategy = [class org.apache.kafka.clients.consumer.RangeAssignor, class org.apache.kafka.clients.consumer.CooperativeStickyAssignor]
	receive.buffer.bytes = 65536
	reconnect.backoff.max.ms = 1000
	reconnect.backoff.ms = 50
	request.timeout.ms = 30000
	retry.backoff.max.ms = 1000
	retry.backoff.ms = 100
	sasl.client.callback.handler.class = null
	sasl.jaas.config = null
	sasl.kerberos.kinit.cmd = /usr/bin/kinit
	sasl.kerberos.min.time.before.relogin = 60000
	sasl.kerberos.service.name = null
	sasl.kerberos.ticket.renew.jitter = 0.05
	sasl.kerberos.ticket.renew.window.factor = 0.8
	sasl.login.callback.handler.class = null
	sasl.login.class = null
	sasl.login.connect.timeout.ms = null
	sasl.login.read.timeout.ms = null
	sasl.login.refresh.buffer.seconds = 300
	sasl.login.refresh.min.period.seconds = 60
	sasl.login.refresh.window.factor = 0.8
	sasl.login.refresh.window.jitter = 0.05
	sasl.login.retry.backoff.max.ms = 10000
	sasl.login.retry.backoff.ms = 100
	sasl.mechanism = GSSAPI
	sasl.oauthbearer.clock.skew.seconds = 30
	sasl.oauthbearer.expected.audience = null
	sasl.oauthbearer.expected.issuer = null
	sasl.oauthbearer.header.urlencode = false
	sasl.oauthbearer.jwks.endpoint.refresh.ms = 3600000
	sasl.oauthbearer.jwks.endpoint.retry.backoff.max.ms = 10000
	sasl.oauthbearer.jwks.endpoint.retry.backoff.ms = 100
	sasl.oauthbearer.jwks.endpoint.url = null
	sasl.oauthbearer.scope.claim.name = scope
	sasl.oauthbearer.sub.claim.name = sub
	sasl.oauthbearer.token.endpoint.url = null
	security.protocol = PLAINTEXT
	security.providers = null
	send.buffer.bytes = 131072
	session.timeout.ms = 45000
	socket.connection.setup.timeout.max.ms = 30000
	socket.connection.setup.timeout.ms = 10000
	ssl.cipher.suites = null
	ssl.enabled.protocols = [TLSv1.2, TLSv1.3]
	ssl.endpoint.identification.algorithm = https
	ssl.engine.factory.class = null
	ssl.key.password = null
	ssl.keymanager.algorithm = SunX509
	ssl.keystore.certificate.chain = null
	ssl.keystore.key = null
	ssl.keystore.location = null
	ssl.keystore.password = null
	ssl.keystore.type = JKS
	ssl.protocol = TLSv1.3
	ssl.provider = null
	ssl.secure.random.implementation = null
	ssl.trustmanager.algorithm = PKIX
	ssl.truststore.certificates = null
	ssl.truststore.location = null
	ssl.truststore.password = null
	ssl.truststore.type = JKS
	value.deserializer = class io.confluent.kafka.serializers.KafkaAvroDeserializer

2025-10-24T18:29:39.323+02:00  INFO 34429 --- [fdk-resource-service] [           main] o.a.k.c.t.i.KafkaMetricsCollector        : initializing Kafka metrics collector
2025-10-24T18:29:39.336+02:00  INFO 34429 --- [fdk-resource-service] [           main] i.c.k.s.KafkaAvroDeserializerConfig      : KafkaAvroDeserializerConfig values: 
	auto.register.schemas = true
	avro.reflection.allow.null = false
	avro.use.logical.type.converters = false
	basic.auth.credentials.source = URL
	basic.auth.user.info = [hidden]
	bearer.auth.cache.expiry.buffer.seconds = 300
	bearer.auth.client.id = null
	bearer.auth.client.secret = null
	bearer.auth.credentials.source = STATIC_TOKEN
	bearer.auth.custom.provider.class = null
	bearer.auth.identity.pool.id = null
	bearer.auth.issuer.endpoint.url = null
	bearer.auth.logical.cluster = null
	bearer.auth.scope = null
	bearer.auth.scope.claim.name = scope
	bearer.auth.sub.claim.name = sub
	bearer.auth.token = [hidden]
	context.name.strategy = class io.confluent.kafka.serializers.context.NullContextNameStrategy
	http.connect.timeout.ms = 60000
	http.read.timeout.ms = 60000
	id.compatibility.strict = true
	key.schema.id.deserializer = class io.confluent.kafka.serializers.schema.id.DualSchemaIdDeserializer
	key.schema.id.serializer = class io.confluent.kafka.serializers.schema.id.PrefixSchemaIdSerializer
	key.subject.name.strategy = class io.confluent.kafka.serializers.subject.TopicNameStrategy
	latest.cache.size = 1000
	latest.cache.ttl.sec = -1
	latest.compatibility.strict = true
	max.retries = 3
	max.schemas.per.subject = 1000
	normalize.schemas = false
	propagate.schema.tags = false
	proxy.host = 
	proxy.port = -1
	retries.max.wait.ms = 20000
	retries.wait.ms = 1000
	rule.actions = []
	rule.executors = []
	rule.service.loader.enable = true
	schema.format = null
	schema.reflection = false
	schema.registry.basic.auth.user.info = [hidden]
	schema.registry.ssl.cipher.suites = null
	schema.registry.ssl.enabled.protocols = [TLSv1.2, TLSv1.3]
	schema.registry.ssl.endpoint.identification.algorithm = https
	schema.registry.ssl.engine.factory.class = null
	schema.registry.ssl.key.password = null
	schema.registry.ssl.keymanager.algorithm = SunX509
	schema.registry.ssl.keystore.certificate.chain = null
	schema.registry.ssl.keystore.key = null
	schema.registry.ssl.keystore.location = null
	schema.registry.ssl.keystore.password = null
	schema.registry.ssl.keystore.type = JKS
	schema.registry.ssl.protocol = TLSv1.3
	schema.registry.ssl.provider = null
	schema.registry.ssl.secure.random.implementation = null
	schema.registry.ssl.trustmanager.algorithm = PKIX
	schema.registry.ssl.truststore.certificates = null
	schema.registry.ssl.truststore.location = null
	schema.registry.ssl.truststore.password = null
	schema.registry.ssl.truststore.type = JKS
	schema.registry.url = [http://localhost:43977]
	schema.registry.url.randomize = false
	specific.avro.key.type = null
	specific.avro.reader = false
	specific.avro.value.type = null
	use.latest.version = false
	use.latest.with.metadata = null
	use.schema.id = -1
	value.schema.id.deserializer = class io.confluent.kafka.serializers.schema.id.DualSchemaIdDeserializer
	value.schema.id.serializer = class io.confluent.kafka.serializers.schema.id.PrefixSchemaIdSerializer
	value.subject.name.strategy = class io.confluent.kafka.serializers.subject.TopicNameStrategy

2025-10-24T18:29:39.427+02:00  INFO 34429 --- [fdk-resource-service] [           main] o.a.k.clients.consumer.ConsumerConfig    : These configurations '[schema.registry.url, specific.avro.reader]' were supplied but are not used yet.
2025-10-24T18:29:39.428+02:00  INFO 34429 --- [fdk-resource-service] [           main] o.a.kafka.common.utils.AppInfoParser     : Kafka version: 3.9.1
2025-10-24T18:29:39.428+02:00  INFO 34429 --- [fdk-resource-service] [           main] o.a.kafka.common.utils.AppInfoParser     : Kafka commitId: f745dfdcee2b9851
2025-10-24T18:29:39.428+02:00  INFO 34429 --- [fdk-resource-service] [           main] o.a.kafka.common.utils.AppInfoParser     : Kafka startTimeMs: 1761323379427
2025-10-24T18:29:39.431+02:00  INFO 34429 --- [fdk-resource-service] [           main] o.a.k.c.c.i.ClassicKafkaConsumer         : [Consumer clientId=consumer-test-group-1, groupId=test-group] Subscribed to topic(s): information-model-events
2025-10-24T18:29:39.436+02:00 DEBUG 34429 --- [fdk-resource-service] [           main] KafkaListenerAnnotationBeanPostProcessor : No retry topic configuration found for topics [concept-events]
2025-10-24T18:29:39.436+02:00 DEBUG 34429 --- [fdk-resource-service] [ntainer#0-0-C-1] o.s.k.l.KafkaMessageListenerContainer    : Commit list: {}
2025-10-24T18:29:39.437+02:00  INFO 34429 --- [fdk-resource-service] [           main] o.a.k.clients.consumer.ConsumerConfig    : ConsumerConfig values: 
	allow.auto.create.topics = true
	auto.commit.interval.ms = 5000
	auto.include.jmx.reporter = true
	auto.offset.reset = earliest
	bootstrap.servers = [PLAINTEXT://localhost:42839]
	check.crcs = true
	client.dns.lookup = use_all_dns_ips
	client.id = consumer-test-group-2
	client.rack = 
	connections.max.idle.ms = 540000
	default.api.timeout.ms = 60000
	enable.auto.commit = false
	enable.metrics.push = true
	exclude.internal.topics = true
	fetch.max.bytes = 52428800
	fetch.max.wait.ms = 500
	fetch.min.bytes = 1
	group.id = test-group
	group.instance.id = null
	group.protocol = classic
	group.remote.assignor = null
	heartbeat.interval.ms = 3000
	interceptor.classes = []
	internal.leave.group.on.close = true
	internal.throw.on.fetch.stable.offset.unsupported = false
	isolation.level = read_uncommitted
	key.deserializer = class org.apache.kafka.common.serialization.StringDeserializer
	max.partition.fetch.bytes = 1048576
	max.poll.interval.ms = 300000
	max.poll.records = 500
	metadata.max.age.ms = 300000
	metadata.recovery.strategy = none
	metric.reporters = []
	metrics.num.samples = 2
	metrics.recording.level = INFO
	metrics.sample.window.ms = 30000
	partition.assignment.strategy = [class org.apache.kafka.clients.consumer.RangeAssignor, class org.apache.kafka.clients.consumer.CooperativeStickyAssignor]
	receive.buffer.bytes = 65536
	reconnect.backoff.max.ms = 1000
	reconnect.backoff.ms = 50
	request.timeout.ms = 30000
	retry.backoff.max.ms = 1000
	retry.backoff.ms = 100
	sasl.client.callback.handler.class = null
	sasl.jaas.config = null
	sasl.kerberos.kinit.cmd = /usr/bin/kinit
	sasl.kerberos.min.time.before.relogin = 60000
	sasl.kerberos.service.name = null
	sasl.kerberos.ticket.renew.jitter = 0.05
	sasl.kerberos.ticket.renew.window.factor = 0.8
	sasl.login.callback.handler.class = null
	sasl.login.class = null
	sasl.login.connect.timeout.ms = null
	sasl.login.read.timeout.ms = null
	sasl.login.refresh.buffer.seconds = 300
	sasl.login.refresh.min.period.seconds = 60
	sasl.login.refresh.window.factor = 0.8
	sasl.login.refresh.window.jitter = 0.05
	sasl.login.retry.backoff.max.ms = 10000
	sasl.login.retry.backoff.ms = 100
	sasl.mechanism = GSSAPI
	sasl.oauthbearer.clock.skew.seconds = 30
	sasl.oauthbearer.expected.audience = null
	sasl.oauthbearer.expected.issuer = null
	sasl.oauthbearer.header.urlencode = false
	sasl.oauthbearer.jwks.endpoint.refresh.ms = 3600000
	sasl.oauthbearer.jwks.endpoint.retry.backoff.max.ms = 10000
	sasl.oauthbearer.jwks.endpoint.retry.backoff.ms = 100
	sasl.oauthbearer.jwks.endpoint.url = null
	sasl.oauthbearer.scope.claim.name = scope
	sasl.oauthbearer.sub.claim.name = sub
	sasl.oauthbearer.token.endpoint.url = null
	security.protocol = PLAINTEXT
	security.providers = null
	send.buffer.bytes = 131072
	session.timeout.ms = 45000
	socket.connection.setup.timeout.max.ms = 30000
	socket.connection.setup.timeout.ms = 10000
	ssl.cipher.suites = null
	ssl.enabled.protocols = [TLSv1.2, TLSv1.3]
	ssl.endpoint.identification.algorithm = https
	ssl.engine.factory.class = null
	ssl.key.password = null
	ssl.keymanager.algorithm = SunX509
	ssl.keystore.certificate.chain = null
	ssl.keystore.key = null
	ssl.keystore.location = null
	ssl.keystore.password = null
	ssl.keystore.type = JKS
	ssl.protocol = TLSv1.3
	ssl.provider = null
	ssl.secure.random.implementation = null
	ssl.trustmanager.algorithm = PKIX
	ssl.truststore.certificates = null
	ssl.truststore.location = null
	ssl.truststore.password = null
	ssl.truststore.type = JKS
	value.deserializer = class io.confluent.kafka.serializers.KafkaAvroDeserializer

2025-10-24T18:29:39.437+02:00  INFO 34429 --- [fdk-resource-service] [           main] o.a.k.c.t.i.KafkaMetricsCollector        : initializing Kafka metrics collector
2025-10-24T18:29:39.437+02:00  INFO 34429 --- [fdk-resource-service] [           main] i.c.k.s.KafkaAvroDeserializerConfig      : KafkaAvroDeserializerConfig values: 
	auto.register.schemas = true
	avro.reflection.allow.null = false
	avro.use.logical.type.converters = false
	basic.auth.credentials.source = URL
	basic.auth.user.info = [hidden]
	bearer.auth.cache.expiry.buffer.seconds = 300
	bearer.auth.client.id = null
	bearer.auth.client.secret = null
	bearer.auth.credentials.source = STATIC_TOKEN
	bearer.auth.custom.provider.class = null
	bearer.auth.identity.pool.id = null
	bearer.auth.issuer.endpoint.url = null
	bearer.auth.logical.cluster = null
	bearer.auth.scope = null
	bearer.auth.scope.claim.name = scope
	bearer.auth.sub.claim.name = sub
	bearer.auth.token = [hidden]
	context.name.strategy = class io.confluent.kafka.serializers.context.NullContextNameStrategy
	http.connect.timeout.ms = 60000
	http.read.timeout.ms = 60000
	id.compatibility.strict = true
	key.schema.id.deserializer = class io.confluent.kafka.serializers.schema.id.DualSchemaIdDeserializer
	key.schema.id.serializer = class io.confluent.kafka.serializers.schema.id.PrefixSchemaIdSerializer
	key.subject.name.strategy = class io.confluent.kafka.serializers.subject.TopicNameStrategy
	latest.cache.size = 1000
	latest.cache.ttl.sec = -1
	latest.compatibility.strict = true
	max.retries = 3
	max.schemas.per.subject = 1000
	normalize.schemas = false
	propagate.schema.tags = false
	proxy.host = 
	proxy.port = -1
	retries.max.wait.ms = 20000
	retries.wait.ms = 1000
	rule.actions = []
	rule.executors = []
	rule.service.loader.enable = true
	schema.format = null
	schema.reflection = false
	schema.registry.basic.auth.user.info = [hidden]
	schema.registry.ssl.cipher.suites = null
	schema.registry.ssl.enabled.protocols = [TLSv1.2, TLSv1.3]
	schema.registry.ssl.endpoint.identification.algorithm = https
	schema.registry.ssl.engine.factory.class = null
	schema.registry.ssl.key.password = null
	schema.registry.ssl.keymanager.algorithm = SunX509
	schema.registry.ssl.keystore.certificate.chain = null
	schema.registry.ssl.keystore.key = null
	schema.registry.ssl.keystore.location = null
	schema.registry.ssl.keystore.password = null
	schema.registry.ssl.keystore.type = JKS
	schema.registry.ssl.protocol = TLSv1.3
	schema.registry.ssl.provider = null
	schema.registry.ssl.secure.random.implementation = null
	schema.registry.ssl.trustmanager.algorithm = PKIX
	schema.registry.ssl.truststore.certificates = null
	schema.registry.ssl.truststore.location = null
	schema.registry.ssl.truststore.password = null
	schema.registry.ssl.truststore.type = JKS
	schema.registry.url = [http://localhost:43977]
	schema.registry.url.randomize = false
	specific.avro.key.type = null
	specific.avro.reader = false
	specific.avro.value.type = null
	use.latest.version = false
	use.latest.with.metadata = null
	use.schema.id = -1
	value.schema.id.deserializer = class io.confluent.kafka.serializers.schema.id.DualSchemaIdDeserializer
	value.schema.id.serializer = class io.confluent.kafka.serializers.schema.id.PrefixSchemaIdSerializer
	value.subject.name.strategy = class io.confluent.kafka.serializers.subject.TopicNameStrategy

2025-10-24T18:29:39.441+02:00  INFO 34429 --- [fdk-resource-service] [           main] o.a.k.clients.consumer.ConsumerConfig    : These configurations '[schema.registry.url, specific.avro.reader]' were supplied but are not used yet.
2025-10-24T18:29:39.441+02:00  INFO 34429 --- [fdk-resource-service] [           main] o.a.kafka.common.utils.AppInfoParser     : Kafka version: 3.9.1
2025-10-24T18:29:39.441+02:00  INFO 34429 --- [fdk-resource-service] [           main] o.a.kafka.common.utils.AppInfoParser     : Kafka commitId: f745dfdcee2b9851
2025-10-24T18:29:39.441+02:00  INFO 34429 --- [fdk-resource-service] [           main] o.a.kafka.common.utils.AppInfoParser     : Kafka startTimeMs: 1761323379441
2025-10-24T18:29:39.443+02:00  INFO 34429 --- [fdk-resource-service] [           main] o.a.k.c.c.i.ClassicKafkaConsumer         : [Consumer clientId=consumer-test-group-2, groupId=test-group] Subscribed to topic(s): concept-events
2025-10-24T18:29:39.444+02:00 DEBUG 34429 --- [fdk-resource-service] [ntainer#1-0-C-1] o.s.k.l.KafkaMessageListenerContainer    : Commit list: {}
2025-10-24T18:29:39.444+02:00 DEBUG 34429 --- [fdk-resource-service] [           main] KafkaListenerAnnotationBeanPostProcessor : No retry topic configuration found for topics [rdf-parse-events]
2025-10-24T18:29:39.445+02:00  INFO 34429 --- [fdk-resource-service] [           main] o.a.k.clients.consumer.ConsumerConfig    : ConsumerConfig values: 
	allow.auto.create.topics = true
	auto.commit.interval.ms = 5000
	auto.include.jmx.reporter = true
	auto.offset.reset = earliest
	bootstrap.servers = [PLAINTEXT://localhost:42839]
	check.crcs = true
	client.dns.lookup = use_all_dns_ips
	client.id = consumer-test-group-3
	client.rack = 
	connections.max.idle.ms = 540000
	default.api.timeout.ms = 60000
	enable.auto.commit = false
	enable.metrics.push = true
	exclude.internal.topics = true
	fetch.max.bytes = 52428800
	fetch.max.wait.ms = 500
	fetch.min.bytes = 1
	group.id = test-group
	group.instance.id = null
	group.protocol = classic
	group.remote.assignor = null
	heartbeat.interval.ms = 3000
	interceptor.classes = []
	internal.leave.group.on.close = true
	internal.throw.on.fetch.stable.offset.unsupported = false
	isolation.level = read_uncommitted
	key.deserializer = class org.apache.kafka.common.serialization.StringDeserializer
	max.partition.fetch.bytes = 1048576
	max.poll.interval.ms = 300000
	max.poll.records = 500
	metadata.max.age.ms = 300000
	metadata.recovery.strategy = none
	metric.reporters = []
	metrics.num.samples = 2
	metrics.recording.level = INFO
	metrics.sample.window.ms = 30000
	partition.assignment.strategy = [class org.apache.kafka.clients.consumer.RangeAssignor, class org.apache.kafka.clients.consumer.CooperativeStickyAssignor]
	receive.buffer.bytes = 65536
	reconnect.backoff.max.ms = 1000
	reconnect.backoff.ms = 50
	request.timeout.ms = 30000
	retry.backoff.max.ms = 1000
	retry.backoff.ms = 100
	sasl.client.callback.handler.class = null
	sasl.jaas.config = null
	sasl.kerberos.kinit.cmd = /usr/bin/kinit
	sasl.kerberos.min.time.before.relogin = 60000
	sasl.kerberos.service.name = null
	sasl.kerberos.ticket.renew.jitter = 0.05
	sasl.kerberos.ticket.renew.window.factor = 0.8
	sasl.login.callback.handler.class = null
	sasl.login.class = null
	sasl.login.connect.timeout.ms = null
	sasl.login.read.timeout.ms = null
	sasl.login.refresh.buffer.seconds = 300
	sasl.login.refresh.min.period.seconds = 60
	sasl.login.refresh.window.factor = 0.8
	sasl.login.refresh.window.jitter = 0.05
	sasl.login.retry.backoff.max.ms = 10000
	sasl.login.retry.backoff.ms = 100
	sasl.mechanism = GSSAPI
	sasl.oauthbearer.clock.skew.seconds = 30
	sasl.oauthbearer.expected.audience = null
	sasl.oauthbearer.expected.issuer = null
	sasl.oauthbearer.header.urlencode = false
	sasl.oauthbearer.jwks.endpoint.refresh.ms = 3600000
	sasl.oauthbearer.jwks.endpoint.retry.backoff.max.ms = 10000
	sasl.oauthbearer.jwks.endpoint.retry.backoff.ms = 100
	sasl.oauthbearer.jwks.endpoint.url = null
	sasl.oauthbearer.scope.claim.name = scope
	sasl.oauthbearer.sub.claim.name = sub
	sasl.oauthbearer.token.endpoint.url = null
	security.protocol = PLAINTEXT
	security.providers = null
	send.buffer.bytes = 131072
	session.timeout.ms = 45000
	socket.connection.setup.timeout.max.ms = 30000
	socket.connection.setup.timeout.ms = 10000
	ssl.cipher.suites = null
	ssl.enabled.protocols = [TLSv1.2, TLSv1.3]
	ssl.endpoint.identification.algorithm = https
	ssl.engine.factory.class = null
	ssl.key.password = null
	ssl.keymanager.algorithm = SunX509
	ssl.keystore.certificate.chain = null
	ssl.keystore.key = null
	ssl.keystore.location = null
	ssl.keystore.password = null
	ssl.keystore.type = JKS
	ssl.protocol = TLSv1.3
	ssl.provider = null
	ssl.secure.random.implementation = null
	ssl.trustmanager.algorithm = PKIX
	ssl.truststore.certificates = null
	ssl.truststore.location = null
	ssl.truststore.password = null
	ssl.truststore.type = JKS
	value.deserializer = class io.confluent.kafka.serializers.KafkaAvroDeserializer

2025-10-24T18:29:39.445+02:00  INFO 34429 --- [fdk-resource-service] [           main] o.a.k.c.t.i.KafkaMetricsCollector        : initializing Kafka metrics collector
2025-10-24T18:29:39.445+02:00  INFO 34429 --- [fdk-resource-service] [           main] i.c.k.s.KafkaAvroDeserializerConfig      : KafkaAvroDeserializerConfig values: 
	auto.register.schemas = true
	avro.reflection.allow.null = false
	avro.use.logical.type.converters = false
	basic.auth.credentials.source = URL
	basic.auth.user.info = [hidden]
	bearer.auth.cache.expiry.buffer.seconds = 300
	bearer.auth.client.id = null
	bearer.auth.client.secret = null
	bearer.auth.credentials.source = STATIC_TOKEN
	bearer.auth.custom.provider.class = null
	bearer.auth.identity.pool.id = null
	bearer.auth.issuer.endpoint.url = null
	bearer.auth.logical.cluster = null
	bearer.auth.scope = null
	bearer.auth.scope.claim.name = scope
	bearer.auth.sub.claim.name = sub
	bearer.auth.token = [hidden]
	context.name.strategy = class io.confluent.kafka.serializers.context.NullContextNameStrategy
	http.connect.timeout.ms = 60000
	http.read.timeout.ms = 60000
	id.compatibility.strict = true
	key.schema.id.deserializer = class io.confluent.kafka.serializers.schema.id.DualSchemaIdDeserializer
	key.schema.id.serializer = class io.confluent.kafka.serializers.schema.id.PrefixSchemaIdSerializer
	key.subject.name.strategy = class io.confluent.kafka.serializers.subject.TopicNameStrategy
	latest.cache.size = 1000
	latest.cache.ttl.sec = -1
	latest.compatibility.strict = true
	max.retries = 3
	max.schemas.per.subject = 1000
	normalize.schemas = false
	propagate.schema.tags = false
	proxy.host = 
	proxy.port = -1
	retries.max.wait.ms = 20000
	retries.wait.ms = 1000
	rule.actions = []
	rule.executors = []
	rule.service.loader.enable = true
	schema.format = null
	schema.reflection = false
	schema.registry.basic.auth.user.info = [hidden]
	schema.registry.ssl.cipher.suites = null
	schema.registry.ssl.enabled.protocols = [TLSv1.2, TLSv1.3]
	schema.registry.ssl.endpoint.identification.algorithm = https
	schema.registry.ssl.engine.factory.class = null
	schema.registry.ssl.key.password = null
	schema.registry.ssl.keymanager.algorithm = SunX509
	schema.registry.ssl.keystore.certificate.chain = null
	schema.registry.ssl.keystore.key = null
	schema.registry.ssl.keystore.location = null
	schema.registry.ssl.keystore.password = null
	schema.registry.ssl.keystore.type = JKS
	schema.registry.ssl.protocol = TLSv1.3
	schema.registry.ssl.provider = null
	schema.registry.ssl.secure.random.implementation = null
	schema.registry.ssl.trustmanager.algorithm = PKIX
	schema.registry.ssl.truststore.certificates = null
	schema.registry.ssl.truststore.location = null
	schema.registry.ssl.truststore.password = null
	schema.registry.ssl.truststore.type = JKS
	schema.registry.url = [http://localhost:43977]
	schema.registry.url.randomize = false
	specific.avro.key.type = null
	specific.avro.reader = false
	specific.avro.value.type = null
	use.latest.version = false
	use.latest.with.metadata = null
	use.schema.id = -1
	value.schema.id.deserializer = class io.confluent.kafka.serializers.schema.id.DualSchemaIdDeserializer
	value.schema.id.serializer = class io.confluent.kafka.serializers.schema.id.PrefixSchemaIdSerializer
	value.subject.name.strategy = class io.confluent.kafka.serializers.subject.TopicNameStrategy

2025-10-24T18:29:39.449+02:00  INFO 34429 --- [fdk-resource-service] [           main] o.a.k.clients.consumer.ConsumerConfig    : These configurations '[schema.registry.url, specific.avro.reader]' were supplied but are not used yet.
2025-10-24T18:29:39.449+02:00  INFO 34429 --- [fdk-resource-service] [           main] o.a.kafka.common.utils.AppInfoParser     : Kafka version: 3.9.1
2025-10-24T18:29:39.449+02:00  INFO 34429 --- [fdk-resource-service] [           main] o.a.kafka.common.utils.AppInfoParser     : Kafka commitId: f745dfdcee2b9851
2025-10-24T18:29:39.449+02:00  INFO 34429 --- [fdk-resource-service] [           main] o.a.kafka.common.utils.AppInfoParser     : Kafka startTimeMs: 1761323379449
2025-10-24T18:29:39.451+02:00  INFO 34429 --- [fdk-resource-service] [           main] o.a.k.c.c.i.ClassicKafkaConsumer         : [Consumer clientId=consumer-test-group-3, groupId=test-group] Subscribed to topic(s): rdf-parse-events
2025-10-24T18:29:39.452+02:00 DEBUG 34429 --- [fdk-resource-service] [ntainer#2-0-C-1] o.s.k.l.KafkaMessageListenerContainer    : Commit list: {}
2025-10-24T18:29:39.452+02:00 DEBUG 34429 --- [fdk-resource-service] [           main] KafkaListenerAnnotationBeanPostProcessor : No retry topic configuration found for topics [dataset-events]
2025-10-24T18:29:39.453+02:00  INFO 34429 --- [fdk-resource-service] [           main] o.a.k.clients.consumer.ConsumerConfig    : ConsumerConfig values: 
	allow.auto.create.topics = true
	auto.commit.interval.ms = 5000
	auto.include.jmx.reporter = true
	auto.offset.reset = earliest
	bootstrap.servers = [PLAINTEXT://localhost:42839]
	check.crcs = true
	client.dns.lookup = use_all_dns_ips
	client.id = consumer-test-group-4
	client.rack = 
	connections.max.idle.ms = 540000
	default.api.timeout.ms = 60000
	enable.auto.commit = false
	enable.metrics.push = true
	exclude.internal.topics = true
	fetch.max.bytes = 52428800
	fetch.max.wait.ms = 500
	fetch.min.bytes = 1
	group.id = test-group
	group.instance.id = null
	group.protocol = classic
	group.remote.assignor = null
	heartbeat.interval.ms = 3000
	interceptor.classes = []
	internal.leave.group.on.close = true
	internal.throw.on.fetch.stable.offset.unsupported = false
	isolation.level = read_uncommitted
	key.deserializer = class org.apache.kafka.common.serialization.StringDeserializer
	max.partition.fetch.bytes = 1048576
	max.poll.interval.ms = 300000
	max.poll.records = 500
	metadata.max.age.ms = 300000
	metadata.recovery.strategy = none
	metric.reporters = []
	metrics.num.samples = 2
	metrics.recording.level = INFO
	metrics.sample.window.ms = 30000
	partition.assignment.strategy = [class org.apache.kafka.clients.consumer.RangeAssignor, class org.apache.kafka.clients.consumer.CooperativeStickyAssignor]
	receive.buffer.bytes = 65536
	reconnect.backoff.max.ms = 1000
	reconnect.backoff.ms = 50
	request.timeout.ms = 30000
	retry.backoff.max.ms = 1000
	retry.backoff.ms = 100
	sasl.client.callback.handler.class = null
	sasl.jaas.config = null
	sasl.kerberos.kinit.cmd = /usr/bin/kinit
	sasl.kerberos.min.time.before.relogin = 60000
	sasl.kerberos.service.name = null
	sasl.kerberos.ticket.renew.jitter = 0.05
	sasl.kerberos.ticket.renew.window.factor = 0.8
	sasl.login.callback.handler.class = null
	sasl.login.class = null
	sasl.login.connect.timeout.ms = null
	sasl.login.read.timeout.ms = null
	sasl.login.refresh.buffer.seconds = 300
	sasl.login.refresh.min.period.seconds = 60
	sasl.login.refresh.window.factor = 0.8
	sasl.login.refresh.window.jitter = 0.05
	sasl.login.retry.backoff.max.ms = 10000
	sasl.login.retry.backoff.ms = 100
	sasl.mechanism = GSSAPI
	sasl.oauthbearer.clock.skew.seconds = 30
	sasl.oauthbearer.expected.audience = null
	sasl.oauthbearer.expected.issuer = null
	sasl.oauthbearer.header.urlencode = false
	sasl.oauthbearer.jwks.endpoint.refresh.ms = 3600000
	sasl.oauthbearer.jwks.endpoint.retry.backoff.max.ms = 10000
	sasl.oauthbearer.jwks.endpoint.retry.backoff.ms = 100
	sasl.oauthbearer.jwks.endpoint.url = null
	sasl.oauthbearer.scope.claim.name = scope
	sasl.oauthbearer.sub.claim.name = sub
	sasl.oauthbearer.token.endpoint.url = null
	security.protocol = PLAINTEXT
	security.providers = null
	send.buffer.bytes = 131072
	session.timeout.ms = 45000
	socket.connection.setup.timeout.max.ms = 30000
	socket.connection.setup.timeout.ms = 10000
	ssl.cipher.suites = null
	ssl.enabled.protocols = [TLSv1.2, TLSv1.3]
	ssl.endpoint.identification.algorithm = https
	ssl.engine.factory.class = null
	ssl.key.password = null
	ssl.keymanager.algorithm = SunX509
	ssl.keystore.certificate.chain = null
	ssl.keystore.key = null
	ssl.keystore.location = null
	ssl.keystore.password = null
	ssl.keystore.type = JKS
	ssl.protocol = TLSv1.3
	ssl.provider = null
	ssl.secure.random.implementation = null
	ssl.trustmanager.algorithm = PKIX
	ssl.truststore.certificates = null
	ssl.truststore.location = null
	ssl.truststore.password = null
	ssl.truststore.type = JKS
	value.deserializer = class io.confluent.kafka.serializers.KafkaAvroDeserializer

2025-10-24T18:29:39.453+02:00  INFO 34429 --- [fdk-resource-service] [           main] o.a.k.c.t.i.KafkaMetricsCollector        : initializing Kafka metrics collector
2025-10-24T18:29:39.453+02:00  INFO 34429 --- [fdk-resource-service] [           main] i.c.k.s.KafkaAvroDeserializerConfig      : KafkaAvroDeserializerConfig values: 
	auto.register.schemas = true
	avro.reflection.allow.null = false
	avro.use.logical.type.converters = false
	basic.auth.credentials.source = URL
	basic.auth.user.info = [hidden]
	bearer.auth.cache.expiry.buffer.seconds = 300
	bearer.auth.client.id = null
	bearer.auth.client.secret = null
	bearer.auth.credentials.source = STATIC_TOKEN
	bearer.auth.custom.provider.class = null
	bearer.auth.identity.pool.id = null
	bearer.auth.issuer.endpoint.url = null
	bearer.auth.logical.cluster = null
	bearer.auth.scope = null
	bearer.auth.scope.claim.name = scope
	bearer.auth.sub.claim.name = sub
	bearer.auth.token = [hidden]
	context.name.strategy = class io.confluent.kafka.serializers.context.NullContextNameStrategy
	http.connect.timeout.ms = 60000
	http.read.timeout.ms = 60000
	id.compatibility.strict = true
	key.schema.id.deserializer = class io.confluent.kafka.serializers.schema.id.DualSchemaIdDeserializer
	key.schema.id.serializer = class io.confluent.kafka.serializers.schema.id.PrefixSchemaIdSerializer
	key.subject.name.strategy = class io.confluent.kafka.serializers.subject.TopicNameStrategy
	latest.cache.size = 1000
	latest.cache.ttl.sec = -1
	latest.compatibility.strict = true
	max.retries = 3
	max.schemas.per.subject = 1000
	normalize.schemas = false
	propagate.schema.tags = false
	proxy.host = 
	proxy.port = -1
	retries.max.wait.ms = 20000
	retries.wait.ms = 1000
	rule.actions = []
	rule.executors = []
	rule.service.loader.enable = true
	schema.format = null
	schema.reflection = false
	schema.registry.basic.auth.user.info = [hidden]
	schema.registry.ssl.cipher.suites = null
	schema.registry.ssl.enabled.protocols = [TLSv1.2, TLSv1.3]
	schema.registry.ssl.endpoint.identification.algorithm = https
	schema.registry.ssl.engine.factory.class = null
	schema.registry.ssl.key.password = null
	schema.registry.ssl.keymanager.algorithm = SunX509
	schema.registry.ssl.keystore.certificate.chain = null
	schema.registry.ssl.keystore.key = null
	schema.registry.ssl.keystore.location = null
	schema.registry.ssl.keystore.password = null
	schema.registry.ssl.keystore.type = JKS
	schema.registry.ssl.protocol = TLSv1.3
	schema.registry.ssl.provider = null
	schema.registry.ssl.secure.random.implementation = null
	schema.registry.ssl.trustmanager.algorithm = PKIX
	schema.registry.ssl.truststore.certificates = null
	schema.registry.ssl.truststore.location = null
	schema.registry.ssl.truststore.password = null
	schema.registry.ssl.truststore.type = JKS
	schema.registry.url = [http://localhost:43977]
	schema.registry.url.randomize = false
	specific.avro.key.type = null
	specific.avro.reader = false
	specific.avro.value.type = null
	use.latest.version = false
	use.latest.with.metadata = null
	use.schema.id = -1
	value.schema.id.deserializer = class io.confluent.kafka.serializers.schema.id.DualSchemaIdDeserializer
	value.schema.id.serializer = class io.confluent.kafka.serializers.schema.id.PrefixSchemaIdSerializer
	value.subject.name.strategy = class io.confluent.kafka.serializers.subject.TopicNameStrategy

2025-10-24T18:29:39.456+02:00  INFO 34429 --- [fdk-resource-service] [           main] o.a.k.clients.consumer.ConsumerConfig    : These configurations '[schema.registry.url, specific.avro.reader]' were supplied but are not used yet.
2025-10-24T18:29:39.456+02:00  INFO 34429 --- [fdk-resource-service] [           main] o.a.kafka.common.utils.AppInfoParser     : Kafka version: 3.9.1
2025-10-24T18:29:39.456+02:00  INFO 34429 --- [fdk-resource-service] [           main] o.a.kafka.common.utils.AppInfoParser     : Kafka commitId: f745dfdcee2b9851
2025-10-24T18:29:39.456+02:00  INFO 34429 --- [fdk-resource-service] [           main] o.a.kafka.common.utils.AppInfoParser     : Kafka startTimeMs: 1761323379456
2025-10-24T18:29:39.458+02:00  INFO 34429 --- [fdk-resource-service] [           main] o.a.k.c.c.i.ClassicKafkaConsumer         : [Consumer clientId=consumer-test-group-4, groupId=test-group] Subscribed to topic(s): dataset-events
2025-10-24T18:29:39.459+02:00 DEBUG 34429 --- [fdk-resource-service] [ntainer#3-0-C-1] o.s.k.l.KafkaMessageListenerContainer    : Commit list: {}
2025-10-24T18:29:39.459+02:00 DEBUG 34429 --- [fdk-resource-service] [           main] KafkaListenerAnnotationBeanPostProcessor : No retry topic configuration found for topics [data-service-events]
2025-10-24T18:29:39.460+02:00  INFO 34429 --- [fdk-resource-service] [           main] o.a.k.clients.consumer.ConsumerConfig    : ConsumerConfig values: 
	allow.auto.create.topics = true
	auto.commit.interval.ms = 5000
	auto.include.jmx.reporter = true
	auto.offset.reset = earliest
	bootstrap.servers = [PLAINTEXT://localhost:42839]
	check.crcs = true
	client.dns.lookup = use_all_dns_ips
	client.id = consumer-test-group-5
	client.rack = 
	connections.max.idle.ms = 540000
	default.api.timeout.ms = 60000
	enable.auto.commit = false
	enable.metrics.push = true
	exclude.internal.topics = true
	fetch.max.bytes = 52428800
	fetch.max.wait.ms = 500
	fetch.min.bytes = 1
	group.id = test-group
	group.instance.id = null
	group.protocol = classic
	group.remote.assignor = null
	heartbeat.interval.ms = 3000
	interceptor.classes = []
	internal.leave.group.on.close = true
	internal.throw.on.fetch.stable.offset.unsupported = false
	isolation.level = read_uncommitted
	key.deserializer = class org.apache.kafka.common.serialization.StringDeserializer
	max.partition.fetch.bytes = 1048576
	max.poll.interval.ms = 300000
	max.poll.records = 500
	metadata.max.age.ms = 300000
	metadata.recovery.strategy = none
	metric.reporters = []
	metrics.num.samples = 2
	metrics.recording.level = INFO
	metrics.sample.window.ms = 30000
	partition.assignment.strategy = [class org.apache.kafka.clients.consumer.RangeAssignor, class org.apache.kafka.clients.consumer.CooperativeStickyAssignor]
	receive.buffer.bytes = 65536
	reconnect.backoff.max.ms = 1000
	reconnect.backoff.ms = 50
	request.timeout.ms = 30000
	retry.backoff.max.ms = 1000
	retry.backoff.ms = 100
	sasl.client.callback.handler.class = null
	sasl.jaas.config = null
	sasl.kerberos.kinit.cmd = /usr/bin/kinit
	sasl.kerberos.min.time.before.relogin = 60000
	sasl.kerberos.service.name = null
	sasl.kerberos.ticket.renew.jitter = 0.05
	sasl.kerberos.ticket.renew.window.factor = 0.8
	sasl.login.callback.handler.class = null
	sasl.login.class = null
	sasl.login.connect.timeout.ms = null
	sasl.login.read.timeout.ms = null
	sasl.login.refresh.buffer.seconds = 300
	sasl.login.refresh.min.period.seconds = 60
	sasl.login.refresh.window.factor = 0.8
	sasl.login.refresh.window.jitter = 0.05
	sasl.login.retry.backoff.max.ms = 10000
	sasl.login.retry.backoff.ms = 100
	sasl.mechanism = GSSAPI
	sasl.oauthbearer.clock.skew.seconds = 30
	sasl.oauthbearer.expected.audience = null
	sasl.oauthbearer.expected.issuer = null
	sasl.oauthbearer.header.urlencode = false
	sasl.oauthbearer.jwks.endpoint.refresh.ms = 3600000
	sasl.oauthbearer.jwks.endpoint.retry.backoff.max.ms = 10000
	sasl.oauthbearer.jwks.endpoint.retry.backoff.ms = 100
	sasl.oauthbearer.jwks.endpoint.url = null
	sasl.oauthbearer.scope.claim.name = scope
	sasl.oauthbearer.sub.claim.name = sub
	sasl.oauthbearer.token.endpoint.url = null
	security.protocol = PLAINTEXT
	security.providers = null
	send.buffer.bytes = 131072
	session.timeout.ms = 45000
	socket.connection.setup.timeout.max.ms = 30000
	socket.connection.setup.timeout.ms = 10000
	ssl.cipher.suites = null
	ssl.enabled.protocols = [TLSv1.2, TLSv1.3]
	ssl.endpoint.identification.algorithm = https
	ssl.engine.factory.class = null
	ssl.key.password = null
	ssl.keymanager.algorithm = SunX509
	ssl.keystore.certificate.chain = null
	ssl.keystore.key = null
	ssl.keystore.location = null
	ssl.keystore.password = null
	ssl.keystore.type = JKS
	ssl.protocol = TLSv1.3
	ssl.provider = null
	ssl.secure.random.implementation = null
	ssl.trustmanager.algorithm = PKIX
	ssl.truststore.certificates = null
	ssl.truststore.location = null
	ssl.truststore.password = null
	ssl.truststore.type = JKS
	value.deserializer = class io.confluent.kafka.serializers.KafkaAvroDeserializer

2025-10-24T18:29:39.461+02:00  INFO 34429 --- [fdk-resource-service] [           main] o.a.k.c.t.i.KafkaMetricsCollector        : initializing Kafka metrics collector
2025-10-24T18:29:39.461+02:00  INFO 34429 --- [fdk-resource-service] [           main] i.c.k.s.KafkaAvroDeserializerConfig      : KafkaAvroDeserializerConfig values: 
	auto.register.schemas = true
	avro.reflection.allow.null = false
	avro.use.logical.type.converters = false
	basic.auth.credentials.source = URL
	basic.auth.user.info = [hidden]
	bearer.auth.cache.expiry.buffer.seconds = 300
	bearer.auth.client.id = null
	bearer.auth.client.secret = null
	bearer.auth.credentials.source = STATIC_TOKEN
	bearer.auth.custom.provider.class = null
	bearer.auth.identity.pool.id = null
	bearer.auth.issuer.endpoint.url = null
	bearer.auth.logical.cluster = null
	bearer.auth.scope = null
	bearer.auth.scope.claim.name = scope
	bearer.auth.sub.claim.name = sub
	bearer.auth.token = [hidden]
	context.name.strategy = class io.confluent.kafka.serializers.context.NullContextNameStrategy
	http.connect.timeout.ms = 60000
	http.read.timeout.ms = 60000
	id.compatibility.strict = true
	key.schema.id.deserializer = class io.confluent.kafka.serializers.schema.id.DualSchemaIdDeserializer
	key.schema.id.serializer = class io.confluent.kafka.serializers.schema.id.PrefixSchemaIdSerializer
	key.subject.name.strategy = class io.confluent.kafka.serializers.subject.TopicNameStrategy
	latest.cache.size = 1000
	latest.cache.ttl.sec = -1
	latest.compatibility.strict = true
	max.retries = 3
	max.schemas.per.subject = 1000
	normalize.schemas = false
	propagate.schema.tags = false
	proxy.host = 
	proxy.port = -1
	retries.max.wait.ms = 20000
	retries.wait.ms = 1000
	rule.actions = []
	rule.executors = []
	rule.service.loader.enable = true
	schema.format = null
	schema.reflection = false
	schema.registry.basic.auth.user.info = [hidden]
	schema.registry.ssl.cipher.suites = null
	schema.registry.ssl.enabled.protocols = [TLSv1.2, TLSv1.3]
	schema.registry.ssl.endpoint.identification.algorithm = https
	schema.registry.ssl.engine.factory.class = null
	schema.registry.ssl.key.password = null
	schema.registry.ssl.keymanager.algorithm = SunX509
	schema.registry.ssl.keystore.certificate.chain = null
	schema.registry.ssl.keystore.key = null
	schema.registry.ssl.keystore.location = null
	schema.registry.ssl.keystore.password = null
	schema.registry.ssl.keystore.type = JKS
	schema.registry.ssl.protocol = TLSv1.3
	schema.registry.ssl.provider = null
	schema.registry.ssl.secure.random.implementation = null
	schema.registry.ssl.trustmanager.algorithm = PKIX
	schema.registry.ssl.truststore.certificates = null
	schema.registry.ssl.truststore.location = null
	schema.registry.ssl.truststore.password = null
	schema.registry.ssl.truststore.type = JKS
	schema.registry.url = [http://localhost:43977]
	schema.registry.url.randomize = false
	specific.avro.key.type = null
	specific.avro.reader = false
	specific.avro.value.type = null
	use.latest.version = false
	use.latest.with.metadata = null
	use.schema.id = -1
	value.schema.id.deserializer = class io.confluent.kafka.serializers.schema.id.DualSchemaIdDeserializer
	value.schema.id.serializer = class io.confluent.kafka.serializers.schema.id.PrefixSchemaIdSerializer
	value.subject.name.strategy = class io.confluent.kafka.serializers.subject.TopicNameStrategy

2025-10-24T18:29:39.464+02:00  INFO 34429 --- [fdk-resource-service] [           main] o.a.k.clients.consumer.ConsumerConfig    : These configurations '[schema.registry.url, specific.avro.reader]' were supplied but are not used yet.
2025-10-24T18:29:39.464+02:00  INFO 34429 --- [fdk-resource-service] [           main] o.a.kafka.common.utils.AppInfoParser     : Kafka version: 3.9.1
2025-10-24T18:29:39.464+02:00  INFO 34429 --- [fdk-resource-service] [           main] o.a.kafka.common.utils.AppInfoParser     : Kafka commitId: f745dfdcee2b9851
2025-10-24T18:29:39.464+02:00  INFO 34429 --- [fdk-resource-service] [           main] o.a.kafka.common.utils.AppInfoParser     : Kafka startTimeMs: 1761323379464
2025-10-24T18:29:39.465+02:00  INFO 34429 --- [fdk-resource-service] [           main] o.a.k.c.c.i.ClassicKafkaConsumer         : [Consumer clientId=consumer-test-group-5, groupId=test-group] Subscribed to topic(s): data-service-events
2025-10-24T18:29:39.466+02:00 DEBUG 34429 --- [fdk-resource-service] [ntainer#4-0-C-1] o.s.k.l.KafkaMessageListenerContainer    : Commit list: {}
2025-10-24T18:29:39.466+02:00 DEBUG 34429 --- [fdk-resource-service] [           main] KafkaListenerAnnotationBeanPostProcessor : No retry topic configuration found for topics [service-events]
2025-10-24T18:29:39.467+02:00  INFO 34429 --- [fdk-resource-service] [           main] o.a.k.clients.consumer.ConsumerConfig    : ConsumerConfig values: 
	allow.auto.create.topics = true
	auto.commit.interval.ms = 5000
	auto.include.jmx.reporter = true
	auto.offset.reset = earliest
	bootstrap.servers = [PLAINTEXT://localhost:42839]
	check.crcs = true
	client.dns.lookup = use_all_dns_ips
	client.id = consumer-test-group-6
	client.rack = 
	connections.max.idle.ms = 540000
	default.api.timeout.ms = 60000
	enable.auto.commit = false
	enable.metrics.push = true
	exclude.internal.topics = true
	fetch.max.bytes = 52428800
	fetch.max.wait.ms = 500
	fetch.min.bytes = 1
	group.id = test-group
	group.instance.id = null
	group.protocol = classic
	group.remote.assignor = null
	heartbeat.interval.ms = 3000
	interceptor.classes = []
	internal.leave.group.on.close = true
	internal.throw.on.fetch.stable.offset.unsupported = false
	isolation.level = read_uncommitted
	key.deserializer = class org.apache.kafka.common.serialization.StringDeserializer
	max.partition.fetch.bytes = 1048576
	max.poll.interval.ms = 300000
	max.poll.records = 500
	metadata.max.age.ms = 300000
	metadata.recovery.strategy = none
	metric.reporters = []
	metrics.num.samples = 2
	metrics.recording.level = INFO
	metrics.sample.window.ms = 30000
	partition.assignment.strategy = [class org.apache.kafka.clients.consumer.RangeAssignor, class org.apache.kafka.clients.consumer.CooperativeStickyAssignor]
	receive.buffer.bytes = 65536
	reconnect.backoff.max.ms = 1000
	reconnect.backoff.ms = 50
	request.timeout.ms = 30000
	retry.backoff.max.ms = 1000
	retry.backoff.ms = 100
	sasl.client.callback.handler.class = null
	sasl.jaas.config = null
	sasl.kerberos.kinit.cmd = /usr/bin/kinit
	sasl.kerberos.min.time.before.relogin = 60000
	sasl.kerberos.service.name = null
	sasl.kerberos.ticket.renew.jitter = 0.05
	sasl.kerberos.ticket.renew.window.factor = 0.8
	sasl.login.callback.handler.class = null
	sasl.login.class = null
	sasl.login.connect.timeout.ms = null
	sasl.login.read.timeout.ms = null
	sasl.login.refresh.buffer.seconds = 300
	sasl.login.refresh.min.period.seconds = 60
	sasl.login.refresh.window.factor = 0.8
	sasl.login.refresh.window.jitter = 0.05
	sasl.login.retry.backoff.max.ms = 10000
	sasl.login.retry.backoff.ms = 100
	sasl.mechanism = GSSAPI
	sasl.oauthbearer.clock.skew.seconds = 30
	sasl.oauthbearer.expected.audience = null
	sasl.oauthbearer.expected.issuer = null
	sasl.oauthbearer.header.urlencode = false
	sasl.oauthbearer.jwks.endpoint.refresh.ms = 3600000
	sasl.oauthbearer.jwks.endpoint.retry.backoff.max.ms = 10000
	sasl.oauthbearer.jwks.endpoint.retry.backoff.ms = 100
	sasl.oauthbearer.jwks.endpoint.url = null
	sasl.oauthbearer.scope.claim.name = scope
	sasl.oauthbearer.sub.claim.name = sub
	sasl.oauthbearer.token.endpoint.url = null
	security.protocol = PLAINTEXT
	security.providers = null
	send.buffer.bytes = 131072
	session.timeout.ms = 45000
	socket.connection.setup.timeout.max.ms = 30000
	socket.connection.setup.timeout.ms = 10000
	ssl.cipher.suites = null
	ssl.enabled.protocols = [TLSv1.2, TLSv1.3]
	ssl.endpoint.identification.algorithm = https
	ssl.engine.factory.class = null
	ssl.key.password = null
	ssl.keymanager.algorithm = SunX509
	ssl.keystore.certificate.chain = null
	ssl.keystore.key = null
	ssl.keystore.location = null
	ssl.keystore.password = null
	ssl.keystore.type = JKS
	ssl.protocol = TLSv1.3
	ssl.provider = null
	ssl.secure.random.implementation = null
	ssl.trustmanager.algorithm = PKIX
	ssl.truststore.certificates = null
	ssl.truststore.location = null
	ssl.truststore.password = null
	ssl.truststore.type = JKS
	value.deserializer = class io.confluent.kafka.serializers.KafkaAvroDeserializer

2025-10-24T18:29:39.467+02:00  INFO 34429 --- [fdk-resource-service] [           main] o.a.k.c.t.i.KafkaMetricsCollector        : initializing Kafka metrics collector
2025-10-24T18:29:39.467+02:00  INFO 34429 --- [fdk-resource-service] [           main] i.c.k.s.KafkaAvroDeserializerConfig      : KafkaAvroDeserializerConfig values: 
	auto.register.schemas = true
	avro.reflection.allow.null = false
	avro.use.logical.type.converters = false
	basic.auth.credentials.source = URL
	basic.auth.user.info = [hidden]
	bearer.auth.cache.expiry.buffer.seconds = 300
	bearer.auth.client.id = null
	bearer.auth.client.secret = null
	bearer.auth.credentials.source = STATIC_TOKEN
	bearer.auth.custom.provider.class = null
	bearer.auth.identity.pool.id = null
	bearer.auth.issuer.endpoint.url = null
	bearer.auth.logical.cluster = null
	bearer.auth.scope = null
	bearer.auth.scope.claim.name = scope
	bearer.auth.sub.claim.name = sub
	bearer.auth.token = [hidden]
	context.name.strategy = class io.confluent.kafka.serializers.context.NullContextNameStrategy
	http.connect.timeout.ms = 60000
	http.read.timeout.ms = 60000
	id.compatibility.strict = true
	key.schema.id.deserializer = class io.confluent.kafka.serializers.schema.id.DualSchemaIdDeserializer
	key.schema.id.serializer = class io.confluent.kafka.serializers.schema.id.PrefixSchemaIdSerializer
	key.subject.name.strategy = class io.confluent.kafka.serializers.subject.TopicNameStrategy
	latest.cache.size = 1000
	latest.cache.ttl.sec = -1
	latest.compatibility.strict = true
	max.retries = 3
	max.schemas.per.subject = 1000
	normalize.schemas = false
	propagate.schema.tags = false
	proxy.host = 
	proxy.port = -1
	retries.max.wait.ms = 20000
	retries.wait.ms = 1000
	rule.actions = []
	rule.executors = []
	rule.service.loader.enable = true
	schema.format = null
	schema.reflection = false
	schema.registry.basic.auth.user.info = [hidden]
	schema.registry.ssl.cipher.suites = null
	schema.registry.ssl.enabled.protocols = [TLSv1.2, TLSv1.3]
	schema.registry.ssl.endpoint.identification.algorithm = https
	schema.registry.ssl.engine.factory.class = null
	schema.registry.ssl.key.password = null
	schema.registry.ssl.keymanager.algorithm = SunX509
	schema.registry.ssl.keystore.certificate.chain = null
	schema.registry.ssl.keystore.key = null
	schema.registry.ssl.keystore.location = null
	schema.registry.ssl.keystore.password = null
	schema.registry.ssl.keystore.type = JKS
	schema.registry.ssl.protocol = TLSv1.3
	schema.registry.ssl.provider = null
	schema.registry.ssl.secure.random.implementation = null
	schema.registry.ssl.trustmanager.algorithm = PKIX
	schema.registry.ssl.truststore.certificates = null
	schema.registry.ssl.truststore.location = null
	schema.registry.ssl.truststore.password = null
	schema.registry.ssl.truststore.type = JKS
	schema.registry.url = [http://localhost:43977]
	schema.registry.url.randomize = false
	specific.avro.key.type = null
	specific.avro.reader = false
	specific.avro.value.type = null
	use.latest.version = false
	use.latest.with.metadata = null
	use.schema.id = -1
	value.schema.id.deserializer = class io.confluent.kafka.serializers.schema.id.DualSchemaIdDeserializer
	value.schema.id.serializer = class io.confluent.kafka.serializers.schema.id.PrefixSchemaIdSerializer
	value.subject.name.strategy = class io.confluent.kafka.serializers.subject.TopicNameStrategy

2025-10-24T18:29:39.470+02:00  INFO 34429 --- [fdk-resource-service] [           main] o.a.k.clients.consumer.ConsumerConfig    : These configurations '[schema.registry.url, specific.avro.reader]' were supplied but are not used yet.
2025-10-24T18:29:39.470+02:00  INFO 34429 --- [fdk-resource-service] [           main] o.a.kafka.common.utils.AppInfoParser     : Kafka version: 3.9.1
2025-10-24T18:29:39.470+02:00  INFO 34429 --- [fdk-resource-service] [           main] o.a.kafka.common.utils.AppInfoParser     : Kafka commitId: f745dfdcee2b9851
2025-10-24T18:29:39.470+02:00  INFO 34429 --- [fdk-resource-service] [           main] o.a.kafka.common.utils.AppInfoParser     : Kafka startTimeMs: 1761323379470
2025-10-24T18:29:39.472+02:00  INFO 34429 --- [fdk-resource-service] [           main] o.a.k.c.c.i.ClassicKafkaConsumer         : [Consumer clientId=consumer-test-group-6, groupId=test-group] Subscribed to topic(s): service-events
2025-10-24T18:29:39.472+02:00 DEBUG 34429 --- [fdk-resource-service] [ntainer#5-0-C-1] o.s.k.l.KafkaMessageListenerContainer    : Commit list: {}
2025-10-24T18:29:39.472+02:00 DEBUG 34429 --- [fdk-resource-service] [           main] KafkaListenerAnnotationBeanPostProcessor : No retry topic configuration found for topics [event-events]
2025-10-24T18:29:39.473+02:00  INFO 34429 --- [fdk-resource-service] [           main] o.a.k.clients.consumer.ConsumerConfig    : ConsumerConfig values: 
	allow.auto.create.topics = true
	auto.commit.interval.ms = 5000
	auto.include.jmx.reporter = true
	auto.offset.reset = earliest
	bootstrap.servers = [PLAINTEXT://localhost:42839]
	check.crcs = true
	client.dns.lookup = use_all_dns_ips
	client.id = consumer-test-group-7
	client.rack = 
	connections.max.idle.ms = 540000
	default.api.timeout.ms = 60000
	enable.auto.commit = false
	enable.metrics.push = true
	exclude.internal.topics = true
	fetch.max.bytes = 52428800
	fetch.max.wait.ms = 500
	fetch.min.bytes = 1
	group.id = test-group
	group.instance.id = null
	group.protocol = classic
	group.remote.assignor = null
	heartbeat.interval.ms = 3000
	interceptor.classes = []
	internal.leave.group.on.close = true
	internal.throw.on.fetch.stable.offset.unsupported = false
	isolation.level = read_uncommitted
	key.deserializer = class org.apache.kafka.common.serialization.StringDeserializer
	max.partition.fetch.bytes = 1048576
	max.poll.interval.ms = 300000
	max.poll.records = 500
	metadata.max.age.ms = 300000
	metadata.recovery.strategy = none
	metric.reporters = []
	metrics.num.samples = 2
	metrics.recording.level = INFO
	metrics.sample.window.ms = 30000
	partition.assignment.strategy = [class org.apache.kafka.clients.consumer.RangeAssignor, class org.apache.kafka.clients.consumer.CooperativeStickyAssignor]
	receive.buffer.bytes = 65536
	reconnect.backoff.max.ms = 1000
	reconnect.backoff.ms = 50
	request.timeout.ms = 30000
	retry.backoff.max.ms = 1000
	retry.backoff.ms = 100
	sasl.client.callback.handler.class = null
	sasl.jaas.config = null
	sasl.kerberos.kinit.cmd = /usr/bin/kinit
	sasl.kerberos.min.time.before.relogin = 60000
	sasl.kerberos.service.name = null
	sasl.kerberos.ticket.renew.jitter = 0.05
	sasl.kerberos.ticket.renew.window.factor = 0.8
	sasl.login.callback.handler.class = null
	sasl.login.class = null
	sasl.login.connect.timeout.ms = null
	sasl.login.read.timeout.ms = null
	sasl.login.refresh.buffer.seconds = 300
	sasl.login.refresh.min.period.seconds = 60
	sasl.login.refresh.window.factor = 0.8
	sasl.login.refresh.window.jitter = 0.05
	sasl.login.retry.backoff.max.ms = 10000
	sasl.login.retry.backoff.ms = 100
	sasl.mechanism = GSSAPI
	sasl.oauthbearer.clock.skew.seconds = 30
	sasl.oauthbearer.expected.audience = null
	sasl.oauthbearer.expected.issuer = null
	sasl.oauthbearer.header.urlencode = false
	sasl.oauthbearer.jwks.endpoint.refresh.ms = 3600000
	sasl.oauthbearer.jwks.endpoint.retry.backoff.max.ms = 10000
	sasl.oauthbearer.jwks.endpoint.retry.backoff.ms = 100
	sasl.oauthbearer.jwks.endpoint.url = null
	sasl.oauthbearer.scope.claim.name = scope
	sasl.oauthbearer.sub.claim.name = sub
	sasl.oauthbearer.token.endpoint.url = null
	security.protocol = PLAINTEXT
	security.providers = null
	send.buffer.bytes = 131072
	session.timeout.ms = 45000
	socket.connection.setup.timeout.max.ms = 30000
	socket.connection.setup.timeout.ms = 10000
	ssl.cipher.suites = null
	ssl.enabled.protocols = [TLSv1.2, TLSv1.3]
	ssl.endpoint.identification.algorithm = https
	ssl.engine.factory.class = null
	ssl.key.password = null
	ssl.keymanager.algorithm = SunX509
	ssl.keystore.certificate.chain = null
	ssl.keystore.key = null
	ssl.keystore.location = null
	ssl.keystore.password = null
	ssl.keystore.type = JKS
	ssl.protocol = TLSv1.3
	ssl.provider = null
	ssl.secure.random.implementation = null
	ssl.trustmanager.algorithm = PKIX
	ssl.truststore.certificates = null
	ssl.truststore.location = null
	ssl.truststore.password = null
	ssl.truststore.type = JKS
	value.deserializer = class io.confluent.kafka.serializers.KafkaAvroDeserializer

2025-10-24T18:29:39.473+02:00  INFO 34429 --- [fdk-resource-service] [           main] o.a.k.c.t.i.KafkaMetricsCollector        : initializing Kafka metrics collector
2025-10-24T18:29:39.473+02:00  INFO 34429 --- [fdk-resource-service] [           main] i.c.k.s.KafkaAvroDeserializerConfig      : KafkaAvroDeserializerConfig values: 
	auto.register.schemas = true
	avro.reflection.allow.null = false
	avro.use.logical.type.converters = false
	basic.auth.credentials.source = URL
	basic.auth.user.info = [hidden]
	bearer.auth.cache.expiry.buffer.seconds = 300
	bearer.auth.client.id = null
	bearer.auth.client.secret = null
	bearer.auth.credentials.source = STATIC_TOKEN
	bearer.auth.custom.provider.class = null
	bearer.auth.identity.pool.id = null
	bearer.auth.issuer.endpoint.url = null
	bearer.auth.logical.cluster = null
	bearer.auth.scope = null
	bearer.auth.scope.claim.name = scope
	bearer.auth.sub.claim.name = sub
	bearer.auth.token = [hidden]
	context.name.strategy = class io.confluent.kafka.serializers.context.NullContextNameStrategy
	http.connect.timeout.ms = 60000
	http.read.timeout.ms = 60000
	id.compatibility.strict = true
	key.schema.id.deserializer = class io.confluent.kafka.serializers.schema.id.DualSchemaIdDeserializer
	key.schema.id.serializer = class io.confluent.kafka.serializers.schema.id.PrefixSchemaIdSerializer
	key.subject.name.strategy = class io.confluent.kafka.serializers.subject.TopicNameStrategy
	latest.cache.size = 1000
	latest.cache.ttl.sec = -1
	latest.compatibility.strict = true
	max.retries = 3
	max.schemas.per.subject = 1000
	normalize.schemas = false
	propagate.schema.tags = false
	proxy.host = 
	proxy.port = -1
	retries.max.wait.ms = 20000
	retries.wait.ms = 1000
	rule.actions = []
	rule.executors = []
	rule.service.loader.enable = true
	schema.format = null
	schema.reflection = false
	schema.registry.basic.auth.user.info = [hidden]
	schema.registry.ssl.cipher.suites = null
	schema.registry.ssl.enabled.protocols = [TLSv1.2, TLSv1.3]
	schema.registry.ssl.endpoint.identification.algorithm = https
	schema.registry.ssl.engine.factory.class = null
	schema.registry.ssl.key.password = null
	schema.registry.ssl.keymanager.algorithm = SunX509
	schema.registry.ssl.keystore.certificate.chain = null
	schema.registry.ssl.keystore.key = null
	schema.registry.ssl.keystore.location = null
	schema.registry.ssl.keystore.password = null
	schema.registry.ssl.keystore.type = JKS
	schema.registry.ssl.protocol = TLSv1.3
	schema.registry.ssl.provider = null
	schema.registry.ssl.secure.random.implementation = null
	schema.registry.ssl.trustmanager.algorithm = PKIX
	schema.registry.ssl.truststore.certificates = null
	schema.registry.ssl.truststore.location = null
	schema.registry.ssl.truststore.password = null
	schema.registry.ssl.truststore.type = JKS
	schema.registry.url = [http://localhost:43977]
	schema.registry.url.randomize = false
	specific.avro.key.type = null
	specific.avro.reader = false
	specific.avro.value.type = null
	use.latest.version = false
	use.latest.with.metadata = null
	use.schema.id = -1
	value.schema.id.deserializer = class io.confluent.kafka.serializers.schema.id.DualSchemaIdDeserializer
	value.schema.id.serializer = class io.confluent.kafka.serializers.schema.id.PrefixSchemaIdSerializer
	value.subject.name.strategy = class io.confluent.kafka.serializers.subject.TopicNameStrategy

2025-10-24T18:29:39.476+02:00  INFO 34429 --- [fdk-resource-service] [           main] o.a.k.clients.consumer.ConsumerConfig    : These configurations '[schema.registry.url, specific.avro.reader]' were supplied but are not used yet.
2025-10-24T18:29:39.476+02:00  INFO 34429 --- [fdk-resource-service] [           main] o.a.kafka.common.utils.AppInfoParser     : Kafka version: 3.9.1
2025-10-24T18:29:39.476+02:00  INFO 34429 --- [fdk-resource-service] [           main] o.a.kafka.common.utils.AppInfoParser     : Kafka commitId: f745dfdcee2b9851
2025-10-24T18:29:39.476+02:00  INFO 34429 --- [fdk-resource-service] [           main] o.a.kafka.common.utils.AppInfoParser     : Kafka startTimeMs: 1761323379476
2025-10-24T18:29:39.478+02:00  INFO 34429 --- [fdk-resource-service] [           main] o.a.k.c.c.i.ClassicKafkaConsumer         : [Consumer clientId=consumer-test-group-7, groupId=test-group] Subscribed to topic(s): event-events
2025-10-24T18:29:39.478+02:00 DEBUG 34429 --- [fdk-resource-service] [ntainer#6-0-C-1] o.s.k.l.KafkaMessageListenerContainer    : Commit list: {}
2025-10-24T18:29:39.479+02:00 DEBUG 34429 --- [fdk-resource-service] [           main] KafkaListenerAnnotationBeanPostProcessor : 7 @KafkaListener methods processed on bean 'kafkaConsumer': {public void no.fdk.resourceservice.kafka.KafkaConsumer.handleInformationModelEvent(org.apache.kafka.clients.consumer.ConsumerRecord,org.springframework.kafka.support.Acknowledgment,java.lang.String,int,long)=[@org.springframework.kafka.annotation.KafkaListener(topicPattern="", beanRef="__listener", containerFactory="", contentTypeConverter="", topics={"${app.kafka.topics.information-model}"}, groupId="", batch="", clientIdPrefix="", topicPartitions={}, splitIterables=true, concurrency="", autoStartup="", filter="", containerGroup="", idIsGroup=true, errorHandler="", containerPostProcessor="", id="", properties={}, info="")], public void no.fdk.resourceservice.kafka.KafkaConsumer.handleConceptEvent(org.apache.kafka.clients.consumer.ConsumerRecord,org.springframework.kafka.support.Acknowledgment,java.lang.String,int,long)=[@org.springframework.kafka.annotation.KafkaListener(topicPattern="", beanRef="__listener", containerFactory="", contentTypeConverter="", topics={"${app.kafka.topics.concept}"}, groupId="", batch="", clientIdPrefix="", topicPartitions={}, splitIterables=true, concurrency="", autoStartup="", filter="", containerGroup="", idIsGroup=true, errorHandler="", containerPostProcessor="", id="", properties={}, info="")], public void no.fdk.resourceservice.kafka.KafkaConsumer.handleRdfParseEvent(org.apache.kafka.clients.consumer.ConsumerRecord,org.springframework.kafka.support.Acknowledgment,java.lang.String,int,long)=[@org.springframework.kafka.annotation.KafkaListener(topicPattern="", beanRef="__listener", containerFactory="", contentTypeConverter="", topics={"${app.kafka.topics.rdf-parse}"}, groupId="", batch="", clientIdPrefix="", topicPartitions={}, splitIterables=true, concurrency="", autoStartup="", filter="", containerGroup="", idIsGroup=true, errorHandler="", containerPostProcessor="", id="", properties={}, info="")], public void no.fdk.resourceservice.kafka.KafkaConsumer.handleDatasetEvent(org.apache.kafka.clients.consumer.ConsumerRecord,org.springframework.kafka.support.Acknowledgment,java.lang.String,int,long)=[@org.springframework.kafka.annotation.KafkaListener(topicPattern="", beanRef="__listener", containerFactory="", contentTypeConverter="", topics={"${app.kafka.topics.dataset}"}, groupId="", batch="", clientIdPrefix="", topicPartitions={}, splitIterables=true, concurrency="", autoStartup="", filter="", containerGroup="", idIsGroup=true, errorHandler="", containerPostProcessor="", id="", properties={}, info="")], public void no.fdk.resourceservice.kafka.KafkaConsumer.handleDataServiceEvent(org.apache.kafka.clients.consumer.ConsumerRecord,org.springframework.kafka.support.Acknowledgment,java.lang.String,int,long)=[@org.springframework.kafka.annotation.KafkaListener(topicPattern="", beanRef="__listener", containerFactory="", contentTypeConverter="", topics={"${app.kafka.topics.data-service}"}, groupId="", batch="", clientIdPrefix="", topicPartitions={}, splitIterables=true, concurrency="", autoStartup="", filter="", containerGroup="", idIsGroup=true, errorHandler="", containerPostProcessor="", id="", properties={}, info="")], public void no.fdk.resourceservice.kafka.KafkaConsumer.handleServiceEvent(org.apache.kafka.clients.consumer.ConsumerRecord,org.springframework.kafka.support.Acknowledgment,java.lang.String,int,long)=[@org.springframework.kafka.annotation.KafkaListener(topicPattern="", beanRef="__listener", containerFactory="", contentTypeConverter="", topics={"${app.kafka.topics.service}"}, groupId="", batch="", clientIdPrefix="", topicPartitions={}, splitIterables=true, concurrency="", autoStartup="", filter="", containerGroup="", idIsGroup=true, errorHandler="", containerPostProcessor="", id="", properties={}, info="")], public void no.fdk.resourceservice.kafka.KafkaConsumer.handleEventEvent(org.apache.kafka.clients.consumer.ConsumerRecord,org.springframework.kafka.support.Acknowledgment,java.lang.String,int,long)=[@org.springframework.kafka.annotation.KafkaListener(topicPattern="", beanRef="__listener", containerFactory="", contentTypeConverter="", topics={"${app.kafka.topics.event}"}, groupId="", batch="", clientIdPrefix="", topicPartitions={}, splitIterables=true, concurrency="", autoStartup="", filter="", containerGroup="", idIsGroup=true, errorHandler="", containerPostProcessor="", id="", properties={}, info="")]}
2025-10-24T18:29:39.613+02:00  WARN 34429 --- [fdk-resource-service] [ntainer#4-0-C-1] org.apache.kafka.clients.NetworkClient   : [Consumer clientId=consumer-test-group-5, groupId=test-group] The metadata response from the cluster reported a recoverable issue with correlation id 3 : {data-service-events=LEADER_NOT_AVAILABLE}
2025-10-24T18:29:39.614+02:00  WARN 34429 --- [fdk-resource-service] [ntainer#5-0-C-1] org.apache.kafka.clients.NetworkClient   : [Consumer clientId=consumer-test-group-6, groupId=test-group] The metadata response from the cluster reported a recoverable issue with correlation id 3 : {service-events=LEADER_NOT_AVAILABLE}
2025-10-24T18:29:39.613+02:00  WARN 34429 --- [fdk-resource-service] [ntainer#0-0-C-1] org.apache.kafka.clients.NetworkClient   : [Consumer clientId=consumer-test-group-1, groupId=test-group] The metadata response from the cluster reported a recoverable issue with correlation id 3 : {information-model-events=LEADER_NOT_AVAILABLE}
2025-10-24T18:29:39.614+02:00  WARN 34429 --- [fdk-resource-service] [ntainer#6-0-C-1] org.apache.kafka.clients.NetworkClient   : [Consumer clientId=consumer-test-group-7, groupId=test-group] The metadata response from the cluster reported a recoverable issue with correlation id 3 : {event-events=LEADER_NOT_AVAILABLE}
2025-10-24T18:29:39.614+02:00  WARN 34429 --- [fdk-resource-service] [ntainer#3-0-C-1] org.apache.kafka.clients.NetworkClient   : [Consumer clientId=consumer-test-group-4, groupId=test-group] The metadata response from the cluster reported a recoverable issue with correlation id 3 : {dataset-events=LEADER_NOT_AVAILABLE}
2025-10-24T18:29:39.621+02:00  WARN 34429 --- [fdk-resource-service] [ntainer#1-0-C-1] org.apache.kafka.clients.NetworkClient   : [Consumer clientId=consumer-test-group-2, groupId=test-group] The metadata response from the cluster reported a recoverable issue with correlation id 3 : {concept-events=LEADER_NOT_AVAILABLE}
2025-10-24T18:29:39.621+02:00  WARN 34429 --- [fdk-resource-service] [ntainer#2-0-C-1] org.apache.kafka.clients.NetworkClient   : [Consumer clientId=consumer-test-group-3, groupId=test-group] The metadata response from the cluster reported a recoverable issue with correlation id 3 : {rdf-parse-events=LEADER_NOT_AVAILABLE}
2025-10-24T18:29:39.622+02:00  INFO 34429 --- [fdk-resource-service] [ntainer#1-0-C-1] org.apache.kafka.clients.Metadata        : [Consumer clientId=consumer-test-group-2, groupId=test-group] Cluster ID: BiwIzKnYQGKuWBEG8w9bVw
2025-10-24T18:29:39.622+02:00  INFO 34429 --- [fdk-resource-service] [ntainer#5-0-C-1] org.apache.kafka.clients.Metadata        : [Consumer clientId=consumer-test-group-6, groupId=test-group] Cluster ID: BiwIzKnYQGKuWBEG8w9bVw
2025-10-24T18:29:39.622+02:00  INFO 34429 --- [fdk-resource-service] [ntainer#2-0-C-1] org.apache.kafka.clients.Metadata        : [Consumer clientId=consumer-test-group-3, groupId=test-group] Cluster ID: BiwIzKnYQGKuWBEG8w9bVw
2025-10-24T18:29:39.622+02:00  INFO 34429 --- [fdk-resource-service] [ntainer#4-0-C-1] org.apache.kafka.clients.Metadata        : [Consumer clientId=consumer-test-group-5, groupId=test-group] Cluster ID: BiwIzKnYQGKuWBEG8w9bVw
2025-10-24T18:29:39.622+02:00  INFO 34429 --- [fdk-resource-service] [ntainer#6-0-C-1] org.apache.kafka.clients.Metadata        : [Consumer clientId=consumer-test-group-7, groupId=test-group] Cluster ID: BiwIzKnYQGKuWBEG8w9bVw
2025-10-24T18:29:39.622+02:00  INFO 34429 --- [fdk-resource-service] [ntainer#3-0-C-1] org.apache.kafka.clients.Metadata        : [Consumer clientId=consumer-test-group-4, groupId=test-group] Cluster ID: BiwIzKnYQGKuWBEG8w9bVw
2025-10-24T18:29:39.622+02:00  INFO 34429 --- [fdk-resource-service] [ntainer#0-0-C-1] org.apache.kafka.clients.Metadata        : [Consumer clientId=consumer-test-group-1, groupId=test-group] Cluster ID: BiwIzKnYQGKuWBEG8w9bVw
2025-10-24T18:29:39.623+02:00  INFO 34429 --- [fdk-resource-service] [ntainer#1-0-C-1] o.a.k.c.c.internals.ConsumerCoordinator  : [Consumer clientId=consumer-test-group-2, groupId=test-group] Discovered group coordinator localhost:42839 (id: 2147483646 rack: null)
2025-10-24T18:29:39.623+02:00  INFO 34429 --- [fdk-resource-service] [ntainer#6-0-C-1] o.a.k.c.c.internals.ConsumerCoordinator  : [Consumer clientId=consumer-test-group-7, groupId=test-group] Discovered group coordinator localhost:42839 (id: 2147483646 rack: null)
2025-10-24T18:29:39.623+02:00  INFO 34429 --- [fdk-resource-service] [ntainer#2-0-C-1] o.a.k.c.c.internals.ConsumerCoordinator  : [Consumer clientId=consumer-test-group-3, groupId=test-group] Discovered group coordinator localhost:42839 (id: 2147483646 rack: null)
[...]
	at io.github.resilience4j.spring6.fallback.FallbackExecutor.execute(FallbackExecutor.java:39) ~[resilience4j-spring6-2.2.0.jar:2.2.0]
	at io.github.resilience4j.spring6.circuitbreaker.configure.CircuitBreakerAspect.circuitBreakerAroundAdvice(CircuitBreakerAspect.java:109) ~[resilience4j-spring6-2.2.0.jar:2.2.0]
	at java.base/jdk.internal.reflect.DirectMethodHandleAccessor.invoke(DirectMethodHandleAccessor.java:103) ~[na:na]
	at java.base/java.lang.reflect.Method.invoke(Method.java:580) ~[na:na]
	at org.springframework.aop.aspectj.AbstractAspectJAdvice.invokeAdviceMethodWithGivenArgs(AbstractAspectJAdvice.java:649) ~[spring-aop-6.2.11.jar:6.2.11]
	at org.springframework.aop.aspectj.AbstractAspectJAdvice.invokeAdviceMethod(AbstractAspectJAdvice.java:631) ~[spring-aop-6.2.11.jar:6.2.11]
	at org.springframework.aop.aspectj.AspectJAroundAdvice.invoke(AspectJAroundAdvice.java:71) ~[spring-aop-6.2.11.jar:6.2.11]
	at org.springframework.aop.framework.ReflectiveMethodInvocation.proceed(ReflectiveMethodInvocation.java:173) ~[spring-aop-6.2.11.jar:6.2.11]
	at org.springframework.aop.aspectj.MethodInvocationProceedingJoinPoint.proceed(MethodInvocationProceedingJoinPoint.java:89) ~[spring-aop-6.2.11.jar:6.2.11]
	at io.github.resilience4j.retry.Retry.lambda$decorateCheckedSupplier$1(Retry.java:135) ~[resilience4j-retry-2.2.0.jar:2.2.0]
	at io.github.resilience4j.retry.Retry.executeCheckedSupplier(Retry.java:350) ~[resilience4j-retry-2.2.0.jar:2.2.0]
	at io.github.resilience4j.spring6.retry.configure.RetryAspect.handleDefaultJoinPoint(RetryAspect.java:175) ~[resilience4j-spring6-2.2.0.jar:2.2.0]
	at io.github.resilience4j.spring6.retry.configure.RetryAspect.proceed(RetryAspect.java:132) ~[resilience4j-spring6-2.2.0.jar:2.2.0]
	at io.github.resilience4j.spring6.retry.configure.RetryAspect.lambda$retryAroundAdvice$0(RetryAspect.java:116) ~[resilience4j-spring6-2.2.0.jar:2.2.0]
	at io.github.resilience4j.spring6.fallback.FallbackExecutor.execute(FallbackExecutor.java:37) ~[resilience4j-spring6-2.2.0.jar:2.2.0]
	at io.github.resilience4j.spring6.retry.configure.RetryAspect.retryAroundAdvice(RetryAspect.java:117) ~[resilience4j-spring6-2.2.0.jar:2.2.0]
	at java.base/jdk.internal.reflect.DirectMethodHandleAccessor.invoke(DirectMethodHandleAccessor.java:103) ~[na:na]
	at java.base/java.lang.reflect.Method.invoke(Method.java:580) ~[na:na]
	at org.springframework.aop.aspectj.AbstractAspectJAdvice.invokeAdviceMethodWithGivenArgs(AbstractAspectJAdvice.java:649) ~[spring-aop-6.2.11.jar:6.2.11]
	at org.springframework.aop.aspectj.AbstractAspectJAdvice.invokeAdviceMethod(AbstractAspectJAdvice.java:631) ~[spring-aop-6.2.11.jar:6.2.11]
	at org.springframework.aop.aspectj.AspectJAroundAdvice.invoke(AspectJAroundAdvice.java:71) ~[spring-aop-6.2.11.jar:6.2.11]
	at org.springframework.aop.framework.ReflectiveMethodInvocation.proceed(ReflectiveMethodInvocation.java:173) ~[spring-aop-6.2.11.jar:6.2.11]
	at org.springframework.aop.interceptor.ExposeInvocationInterceptor.invoke(ExposeInvocationInterceptor.java:97) ~[spring-aop-6.2.11.jar:6.2.11]
	at org.springframework.aop.framework.ReflectiveMethodInvocation.proceed(ReflectiveMethodInvocation.java:184) ~[spring-aop-6.2.11.jar:6.2.11]
	at org.springframework.aop.framework.CglibAopProxy$DynamicAdvisedInterceptor.intercept(CglibAopProxy.java:728) ~[spring-aop-6.2.11.jar:6.2.11]
	at no.fdk.resourceservice.service.CircuitBreakerService$$SpringCGLIB$$0.handleConceptEvent(<generated>) ~[classes/:na]
	at no.fdk.resourceservice.kafka.KafkaConsumer.handleConceptEvent(KafkaConsumer.kt:277) ~[classes/:na]
	at java.base/jdk.internal.reflect.DirectMethodHandleAccessor.invoke(DirectMethodHandleAccessor.java:103) ~[na:na]
	at java.base/java.lang.reflect.Method.invoke(Method.java:580) ~[na:na]
	at org.springframework.messaging.handler.invocation.InvocableHandlerMethod.doInvoke(InvocableHandlerMethod.java:169) ~[spring-messaging-6.2.11.jar:6.2.11]
	at org.springframework.kafka.listener.adapter.KotlinAwareInvocableHandlerMethod.doInvoke(KotlinAwareInvocableHandlerMethod.java:45) ~[spring-kafka-3.3.10.jar:3.3.10]
	at org.springframework.messaging.handler.invocation.InvocableHandlerMethod.invoke(InvocableHandlerMethod.java:119) ~[spring-messaging-6.2.11.jar:6.2.11]
	at org.springframework.kafka.listener.adapter.HandlerAdapter.invoke(HandlerAdapter.java:78) ~[spring-kafka-3.3.10.jar:3.3.10]
	at org.springframework.kafka.listener.adapter.MessagingMessageListenerAdapter.invokeHandler(MessagingMessageListenerAdapter.java:475) ~[spring-kafka-3.3.10.jar:3.3.10]
	at org.springframework.kafka.listener.adapter.MessagingMessageListenerAdapter.invoke(MessagingMessageListenerAdapter.java:421) ~[spring-kafka-3.3.10.jar:3.3.10]
	at org.springframework.kafka.listener.adapter.RecordMessagingMessageListenerAdapter.onMessage(RecordMessagingMessageListenerAdapter.java:85) ~[spring-kafka-3.3.10.jar:3.3.10]
	at org.springframework.kafka.listener.adapter.RecordMessagingMessageListenerAdapter.onMessage(RecordMessagingMessageListenerAdapter.java:50) ~[spring-kafka-3.3.10.jar:3.3.10]
	at org.springframework.kafka.listener.KafkaMessageListenerContainer$ListenerConsumer.doInvokeOnMessage(KafkaMessageListenerContainer.java:2887) ~[spring-kafka-3.3.10.jar:3.3.10]
	at org.springframework.kafka.listener.KafkaMessageListenerContainer$ListenerConsumer.invokeOnMessage(KafkaMessageListenerContainer.java:2865) ~[spring-kafka-3.3.10.jar:3.3.10]
	at org.springframework.kafka.listener.KafkaMessageListenerContainer$ListenerConsumer.doInvokeRecordListener(KafkaMessageListenerContainer.java:2777) ~[spring-kafka-3.3.10.jar:3.3.10]
	at org.springframework.kafka.listener.KafkaMessageListenerContainer$ListenerConsumer.doInvokeWithRecords(KafkaMessageListenerContainer.java:2614) ~[spring-kafka-3.3.10.jar:3.3.10]
	at org.springframework.kafka.listener.KafkaMessageListenerContainer$ListenerConsumer.invokeRecordListener(KafkaMessageListenerContainer.java:2503) ~[spring-kafka-3.3.10.jar:3.3.10]
	at org.springframework.kafka.listener.KafkaMessageListenerContainer$ListenerConsumer.invokeListener(KafkaMessageListenerContainer.java:2152) ~[spring-kafka-3.3.10.jar:3.3.10]
	at org.springframework.kafka.listener.KafkaMessageListenerContainer$ListenerConsumer.invokeIfHaveRecords(KafkaMessageListenerContainer.java:1528) ~[spring-kafka-3.3.10.jar:3.3.10]
	at org.springframework.kafka.listener.KafkaMessageListenerContainer$ListenerConsumer.pollAndInvoke(KafkaMessageListenerContainer.java:1466) ~[spring-kafka-3.3.10.jar:3.3.10]
	at org.springframework.kafka.listener.KafkaMessageListenerContainer$ListenerConsumer.run(KafkaMessageListenerContainer.java:1335) ~[spring-kafka-3.3.10.jar:3.3.10]
	at java.base/java.util.concurrent.CompletableFuture$AsyncRun.run(CompletableFuture.java:1804) ~[na:na]
	at java.base/java.lang.Thread.run(Thread.java:1570) ~[na:na]

2025-10-24T18:30:23.914+02:00  INFO 34429 --- [fdk-resource-service] [ntainer#1-0-C-1] n.f.r.service.CircuitBreakerService      : 📝 PROCESS RESOURCE: Converted to JSON-LD, calling resourceService.storeResource
2025-10-24T18:30:23.914+02:00 DEBUG 34429 --- [fdk-resource-service] [ntainer#1-0-C-1] n.f.r.service.ResourceService            : Storing resource JSON-LD with id: test-concept-update, type: CONCEPT, timestamp: 1761323423880
2025-10-24T18:30:23.915+02:00 DEBUG 34429 --- [fdk-resource-service] [ntainer#1-0-C-1] org.hibernate.SQL                        : 
    select
        re1_0.id,
        re1_0.created_at,
        re1_0.deleted,
        re1_0.resource_json,
        re1_0.resource_json_ld,
        re1_0.resource_type,
        re1_0.timestamp,
        re1_0.updated_at 
    from
        resources re1_0 
    where
        re1_0.id=?
Hibernate: 
    select
        re1_0.id,
        re1_0.created_at,
        re1_0.deleted,
        re1_0.resource_json,
        re1_0.resource_json_ld,
        re1_0.resource_type,
        re1_0.timestamp,
        re1_0.updated_at 
    from
        resources re1_0 
    where
        re1_0.id=?
2025-10-24T18:30:23.919+02:00 DEBUG 34429 --- [fdk-resource-service] [ntainer#1-0-C-1] org.hibernate.SQL                        : 
    select
        re1_0.id,
        re1_0.created_at,
        re1_0.deleted,
        re1_0.resource_json,
        re1_0.resource_json_ld,
        re1_0.resource_type,
        re1_0.timestamp,
        re1_0.updated_at 
    from
        resources re1_0 
    where
        re1_0.id=?
Hibernate: 
    select
        re1_0.id,
        re1_0.created_at,
        re1_0.deleted,
        re1_0.resource_json,
        re1_0.resource_json_ld,
        re1_0.resource_type,
        re1_0.timestamp,
        re1_0.updated_at 
    from
        resources re1_0 
    where
        re1_0.id=?
2025-10-24T18:30:23.922+02:00 DEBUG 34429 --- [fdk-resource-service] [ntainer#1-0-C-1] org.hibernate.SQL                        : 
    insert 
    into
        resources
        (created_at, deleted, resource_json, resource_json_ld, resource_type, timestamp, updated_at, id) 
    values
        (?, ?, ?, ?, ?, ?, ?, ?)
Hibernate: 
    insert 
    into
        resources
        (created_at, deleted, resource_json, resource_json_ld, resource_type, timestamp, updated_at, id) 
    values
        (?, ?, ?, ?, ?, ?, ?, ?)
2025-10-24T18:30:23.928+02:00  INFO 34429 --- [fdk-resource-service] [ntainer#1-0-C-1] n.f.r.service.CircuitBreakerService      : 📝 PROCESS RESOURCE: Successfully stored HARVESTED resource
2025-10-24T18:30:23.928+02:00  INFO 34429 --- [fdk-resource-service] [ntainer#1-0-C-1] n.f.r.service.CircuitBreakerService      : 🔄 CIRCUIT BREAKER: Successfully processed concept event
2025-10-24T18:30:23.928+02:00  INFO 34429 --- [fdk-resource-service] [ntainer#1-0-C-1] n.f.resourceservice.kafka.KafkaConsumer  : 🎯 CONCEPT LISTENER: Successfully processed, acknowledging message
2025-10-24T18:30:23.928+02:00  INFO 34429 --- [fdk-resource-service] [ntainer#1-0-C-1] n.f.resourceservice.kafka.KafkaConsumer  : 🎯 CONCEPT LISTENER: Message acknowledged successfully
2025-10-24T18:30:23.928+02:00 DEBUG 34429 --- [fdk-resource-service] [ntainer#1-0-C-1] o.s.k.l.KafkaMessageListenerContainer    : Commit list: {concept-events-0=OffsetAndMetadata{offset=3, leaderEpoch=null, metadata=''}}
2025-10-24T18:30:23.928+02:00 DEBUG 34429 --- [fdk-resource-service] [ntainer#1-0-C-1] o.s.k.l.KafkaMessageListenerContainer    : Committing: {concept-events-0=OffsetAndMetadata{offset=3, leaderEpoch=null, metadata=''}}
2025-10-24T18:30:24.453+02:00 DEBUG 34429 --- [fdk-resource-service] [ntainer#0-0-C-1] o.s.k.l.KafkaMessageListenerContainer    : Received: 0 records
2025-10-24T18:30:24.453+02:00 DEBUG 34429 --- [fdk-resource-service] [ntainer#0-0-C-1] o.s.k.l.KafkaMessageListenerContainer    : Commit list: {}
2025-10-24T18:30:24.468+02:00 DEBUG 34429 --- [fdk-resource-service] [ntainer#2-0-C-1] o.s.k.l.KafkaMessageListenerContainer    : Received: 0 records
2025-10-24T18:30:24.468+02:00 DEBUG 34429 --- [fdk-resource-service] [ntainer#2-0-C-1] o.s.k.l.KafkaMessageListenerContainer    : Commit list: {}
2025-10-24T18:30:24.495+02:00 DEBUG 34429 --- [fdk-resource-service] [ntainer#6-0-C-1] o.s.k.l.KafkaMessageListenerContainer    : Received: 0 records
2025-10-24T18:30:24.495+02:00 DEBUG 34429 --- [fdk-resource-service] [ntainer#6-0-C-1] o.s.k.l.KafkaMessageListenerContainer    : Commit list: {}
2025-10-24T18:30:25.913+02:00 DEBUG 34429 --- [fdk-resource-service] [           main] n.f.r.service.ResourceService            : Getting resource JSON with id: test-concept-update and type: CONCEPT
2025-10-24T18:30:25.915+02:00 DEBUG 34429 --- [fdk-resource-service] [           main] org.hibernate.SQL                        : 
    select
        re1_0.id,
        re1_0.created_at,
        re1_0.deleted,
        re1_0.resource_json,
        re1_0.resource_json_ld,
        re1_0.resource_type,
        re1_0.timestamp,
        re1_0.updated_at 
    from
        resources re1_0 
    where
        re1_0.id=? 
        and not(re1_0.deleted)
Hibernate: 
    select
        re1_0.id,
        re1_0.created_at,
        re1_0.deleted,
        re1_0.resource_json,
        re1_0.resource_json_ld,
        re1_0.resource_type,
        re1_0.timestamp,
        re1_0.updated_at 
    from
        resources re1_0 
    where
        re1_0.id=? 
        and not(re1_0.deleted)
2025-10-24T18:30:25.921+02:00  INFO 34429 --- [fdk-resource-service] [           main] o.a.k.clients.producer.KafkaProducer     : [Producer clientId=producer-4] Closing the Kafka producer with timeoutMillis = 9223372036854775807 ms.
2025-10-24T18:30:25.924+02:00  INFO 34429 --- [fdk-resource-service] [           main] o.apache.kafka.common.metrics.Metrics    : Metrics scheduler closed
2025-10-24T18:30:25.924+02:00  INFO 34429 --- [fdk-resource-service] [           main] o.apache.kafka.common.metrics.Metrics    : Closing reporter org.apache.kafka.common.metrics.JmxReporter
2025-10-24T18:30:25.924+02:00  INFO 34429 --- [fdk-resource-service] [           main] o.apache.kafka.common.metrics.Metrics    : Closing reporter org.apache.kafka.common.telemetry.internals.ClientTelemetryReporter
2025-10-24T18:30:25.924+02:00  INFO 34429 --- [fdk-resource-service] [           main] o.apache.kafka.common.metrics.Metrics    : Metrics reporters closed
2025-10-24T18:30:25.924+02:00  INFO 34429 --- [fdk-resource-service] [           main] o.a.kafka.common.utils.AppInfoParser     : App info kafka.producer for producer-4 unregistered
]]></system-out>
  </testcase>
  <testcase name="should verify Kafka infrastructure is working" classname="no.fdk.resourceservice.integration.KafkaIntegrationTest" time="0.167">
    <system-out><![CDATA[🔍 Testing Kafka infrastructure...
📋 Kafka bootstrap servers: PLAINTEXT://localhost:42839
📋 Schema registry URL: http://localhost:43977
2025-10-24T18:30:25.934+02:00  INFO 34429 --- [fdk-resource-service] [           main] o.a.k.clients.producer.ProducerConfig    : ProducerConfig values: 
	acks = -1
	auto.include.jmx.reporter = true
	batch.size = 16384
	bootstrap.servers = [PLAINTEXT://localhost:42839]
	buffer.memory = 33554432
	client.dns.lookup = use_all_dns_ips
	client.id = producer-5
	compression.gzip.level = -1
	compression.lz4.level = 9
	compression.type = none
	compression.zstd.level = 3
	connections.max.idle.ms = 540000
	delivery.timeout.ms = 120000
	enable.idempotence = true
	enable.metrics.push = true
	interceptor.classes = []
	key.serializer = class org.apache.kafka.common.serialization.StringSerializer
	linger.ms = 0
	max.block.ms = 60000
	max.in.flight.requests.per.connection = 5
	max.request.size = 1048576
	metadata.max.age.ms = 300000
	metadata.max.idle.ms = 300000
	metadata.recovery.strategy = none
	metric.reporters = []
	metrics.num.samples = 2
	metrics.recording.level = INFO
	metrics.sample.window.ms = 30000
	partitioner.adaptive.partitioning.enable = true
	partitioner.availability.timeout.ms = 0
	partitioner.class = null
	partitioner.ignore.keys = false
	receive.buffer.bytes = 32768
	reconnect.backoff.max.ms = 1000
	reconnect.backoff.ms = 50
	request.timeout.ms = 30000
	retries = 2147483647
	retry.backoff.max.ms = 1000
	retry.backoff.ms = 100
	sasl.client.callback.handler.class = null
	sasl.jaas.config = null
	sasl.kerberos.kinit.cmd = /usr/bin/kinit
	sasl.kerberos.min.time.before.relogin = 60000
	sasl.kerberos.service.name = null
	sasl.kerberos.ticket.renew.jitter = 0.05
	sasl.kerberos.ticket.renew.window.factor = 0.8
	sasl.login.callback.handler.class = null
	sasl.login.class = null
	sasl.login.connect.timeout.ms = null
	sasl.login.read.timeout.ms = null
	sasl.login.refresh.buffer.seconds = 300
	sasl.login.refresh.min.period.seconds = 60
	sasl.login.refresh.window.factor = 0.8
	sasl.login.refresh.window.jitter = 0.05
	sasl.login.retry.backoff.max.ms = 10000
	sasl.login.retry.backoff.ms = 100
	sasl.mechanism = GSSAPI
	sasl.oauthbearer.clock.skew.seconds = 30
	sasl.oauthbearer.expected.audience = null
	sasl.oauthbearer.expected.issuer = null
	sasl.oauthbearer.header.urlencode = false
	sasl.oauthbearer.jwks.endpoint.refresh.ms = 3600000
	sasl.oauthbearer.jwks.endpoint.retry.backoff.max.ms = 10000
	sasl.oauthbearer.jwks.endpoint.retry.backoff.ms = 100
	sasl.oauthbearer.jwks.endpoint.url = null
	sasl.oauthbearer.scope.claim.name = scope
	sasl.oauthbearer.sub.claim.name = sub
	sasl.oauthbearer.token.endpoint.url = null
	security.protocol = PLAINTEXT
	security.providers = null
	send.buffer.bytes = 131072
	socket.connection.setup.timeout.max.ms = 30000
	socket.connection.setup.timeout.ms = 10000
	ssl.cipher.suites = null
	ssl.enabled.protocols = [TLSv1.2, TLSv1.3]
	ssl.endpoint.identification.algorithm = https
	ssl.engine.factory.class = null
	ssl.key.password = null
	ssl.keymanager.algorithm = SunX509
	ssl.keystore.certificate.chain = null
	ssl.keystore.key = null
	ssl.keystore.location = null
	ssl.keystore.password = null
	ssl.keystore.type = JKS
	ssl.protocol = TLSv1.3
	ssl.provider = null
	ssl.secure.random.implementation = null
	ssl.trustmanager.algorithm = PKIX
	ssl.truststore.certificates = null
	ssl.truststore.location = null
	ssl.truststore.password = null
	ssl.truststore.type = JKS
	transaction.timeout.ms = 60000
	transactional.id = null
	value.serializer = class org.apache.kafka.common.serialization.StringSerializer

2025-10-24T18:30:25.935+02:00  INFO 34429 --- [fdk-resource-service] [           main] o.a.k.c.t.i.KafkaMetricsCollector        : initializing Kafka metrics collector
2025-10-24T18:30:25.936+02:00  INFO 34429 --- [fdk-resource-service] [           main] o.a.k.clients.producer.KafkaProducer     : [Producer clientId=producer-5] Instantiated an idempotent producer.
2025-10-24T18:30:25.938+02:00  INFO 34429 --- [fdk-resource-service] [           main] o.a.kafka.common.utils.AppInfoParser     : Kafka version: 3.9.1
2025-10-24T18:30:25.938+02:00  INFO 34429 --- [fdk-resource-service] [           main] o.a.kafka.common.utils.AppInfoParser     : Kafka commitId: f745dfdcee2b9851
2025-10-24T18:30:25.938+02:00  INFO 34429 --- [fdk-resource-service] [           main] o.a.kafka.common.utils.AppInfoParser     : Kafka startTimeMs: 1761323425938
2025-10-24T18:30:25.959+02:00  WARN 34429 --- [fdk-resource-service] [ad | producer-5] org.apache.kafka.clients.NetworkClient   : [Producer clientId=producer-5] The metadata response from the cluster reported a recoverable issue with correlation id 2 : {test-topic=LEADER_NOT_AVAILABLE}
2025-10-24T18:30:25.959+02:00  INFO 34429 --- [fdk-resource-service] [ad | producer-5] org.apache.kafka.clients.Metadata        : [Producer clientId=producer-5] Cluster ID: BiwIzKnYQGKuWBEG8w9bVw
2025-10-24T18:30:25.960+02:00  INFO 34429 --- [fdk-resource-service] [ad | producer-5] o.a.k.c.p.internals.TransactionManager   : [Producer clientId=producer-5] ProducerId set to 4 with epoch 0
✅ Kafka producer test successful
2025-10-24T18:30:26.088+02:00  INFO 34429 --- [fdk-resource-service] [           main] o.a.k.clients.producer.KafkaProducer     : [Producer clientId=producer-5] Closing the Kafka producer with timeoutMillis = 9223372036854775807 ms.
2025-10-24T18:30:26.090+02:00  INFO 34429 --- [fdk-resource-service] [           main] o.apache.kafka.common.metrics.Metrics    : Metrics scheduler closed
2025-10-24T18:30:26.090+02:00  INFO 34429 --- [fdk-resource-service] [           main] o.apache.kafka.common.metrics.Metrics    : Closing reporter org.apache.kafka.common.metrics.JmxReporter
2025-10-24T18:30:26.090+02:00  INFO 34429 --- [fdk-resource-service] [           main] o.apache.kafka.common.metrics.Metrics    : Closing reporter org.apache.kafka.common.telemetry.internals.ClientTelemetryReporter
2025-10-24T18:30:26.090+02:00  INFO 34429 --- [fdk-resource-service] [           main] o.apache.kafka.common.metrics.Metrics    : Metrics reporters closed
2025-10-24T18:30:26.090+02:00  INFO 34429 --- [fdk-resource-service] [           main] o.a.kafka.common.utils.AppInfoParser     : App info kafka.producer for producer-5 unregistered
]]></system-out>
  </testcase>
</testsuite>