<?xml version="1.0" encoding="UTF-8"?>
<testsuite xmlns:xsi="http://www.w3.org/2001/XMLSchema-instance" xsi:noNamespaceSchemaLocation="https://maven.apache.org/surefire/maven-surefire-plugin/xsd/surefire-test-report.xsd" version="3.0.2" name="no.fdk.resourceservice.integration.ResourceServiceIntegrationTest" time="13.348" tests="4" errors="0" skipped="0" failures="0">
  <properties>
[...]
</properties>
  <testcase name="getResourceJsonByUri should find resource by URI" classname="no.fdk.resourceservice.integration.ResourceServiceIntegrationTest" time="0.388">
    <system-out><![CDATA[17:43:05.646 [main] INFO org.springframework.test.context.support.AnnotationConfigContextLoaderUtils -- Could not detect default configuration classes for test class [no.fdk.resourceservice.integration.BaseIntegrationTest]: BaseIntegrationTest does not declare any static, non-private, non-final, nested classes annotated with @Configuration.
17:43:05.802 [main] INFO org.springframework.boot.test.context.SpringBootTestContextBootstrapper -- Found @SpringBootConfiguration no.fdk.resourceservice.FdkResourceServiceApplication for test class no.fdk.resourceservice.integration.ResourceServiceIntegrationTest
17:43:05.868 [main] INFO org.testcontainers.images.PullPolicy -- Image pull policy will be performed by: DefaultPullPolicy()
17:43:05.869 [main] INFO org.testcontainers.utility.ImageNameSubstitutor -- Image name substitution will be performed by: DefaultImageNameSubstitutor (composite of 'ConfigurationFileImageNameSubstitutor' and 'PrefixingImageNameSubstitutor')
17:43:05.939 [main] INFO org.testcontainers.dockerclient.DockerClientProviderStrategy -- Loaded org.testcontainers.dockerclient.UnixSocketClientProviderStrategy from ~/.testcontainers.properties, will try it first
17:43:06.095 [main] INFO org.testcontainers.dockerclient.DockerClientProviderStrategy -- Found Docker environment with local Unix socket (unix:///var/run/docker.sock)
17:43:06.095 [main] INFO org.testcontainers.DockerClientFactory -- Docker host IP address is localhost
17:43:06.133 [main] INFO org.testcontainers.DockerClientFactory -- Connected to docker: 
  Server Version: 5.4.2
  API Version: 1.41
  Operating System: fedora
  Total Memory: 3616 MB
17:43:06.176 [main] INFO tc.testcontainers/ryuk:0.5.1 -- Creating container for image: testcontainers/ryuk:0.5.1
17:43:06.179 [main] INFO org.testcontainers.utility.RegistryAuthLocator -- Failure when attempting to lookup auth config. Please ignore if you don't have images in an authenticated registry. Details: (dockerImageName: testcontainers/ryuk:0.5.1, configFile: /Users/jeffreiffers/.docker/config.json, configEnv: DOCKER_AUTH_CONFIG). Falling back to docker-java default behaviour. Exception message: Status 404: No config supplied. Checked in order: /Users/jeffreiffers/.docker/config.json (file not found), DOCKER_AUTH_CONFIG (not set)
17:43:06.210 [main] INFO tc.testcontainers/ryuk:0.5.1 -- Container testcontainers/ryuk:0.5.1 is starting: a0af7334ffa7d9583392a918c64a95376d99fed48bce379b599bf6b43433a273
17:43:06.370 [main] INFO tc.testcontainers/ryuk:0.5.1 -- Container testcontainers/ryuk:0.5.1 started in PT0.19318S
17:43:06.374 [main] INFO org.testcontainers.utility.RyukResourceReaper -- Ryuk started - will monitor and terminate Testcontainers containers on JVM exit
17:43:06.374 [main] INFO org.testcontainers.DockerClientFactory -- Checking the system...
17:43:06.374 [main] INFO org.testcontainers.DockerClientFactory -- ✔︎ Docker server version should be at least 1.6.0
17:43:06.380 [main] INFO tc.confluentinc/cp-kafka:7.4.0 -- Creating container for image: confluentinc/cp-kafka:7.4.0
17:43:06.384 [main] WARN tc.confluentinc/cp-kafka:7.4.0 -- Reuse was requested but the environment does not support the reuse of containers
To enable reuse of containers, you must set 'testcontainers.reuse.enable=true' in a file located at /Users/jeffreiffers/.testcontainers.properties
17:43:06.396 [main] INFO tc.confluentinc/cp-kafka:7.4.0 -- Container confluentinc/cp-kafka:7.4.0 is starting: cc6bb34322df53ccee8c55579f4d50a019bad002090dcd67ee026251753a8eb1
17:43:09.600 [main] INFO tc.confluentinc/cp-kafka:7.4.0 -- Container confluentinc/cp-kafka:7.4.0 started in PT3.220289S
17:43:09.613 [main] INFO tc.postgres:15 -- Creating container for image: postgres:15
17:43:09.617 [main] WARN tc.postgres:15 -- Reuse was requested but the environment does not support the reuse of containers
To enable reuse of containers, you must set 'testcontainers.reuse.enable=true' in a file located at /Users/jeffreiffers/.testcontainers.properties
17:43:09.642 [main] INFO tc.postgres:15 -- Container postgres:15 is starting: 76050d87b7af56ccf696f235a61d9ad21781986de3d1c81f62a3e12cb9239711
17:43:10.647 [main] INFO tc.postgres:15 -- Container postgres:15 started in PT1.033492S
17:43:10.648 [main] INFO tc.postgres:15 -- Container is started (JDBC URL: jdbc:postgresql://localhost:34715/fdk_resource_service?loggerLevel=OFF)
17:43:10.669 [main] INFO tc.confluentinc/cp-schema-registry:7.4.0 -- Creating container for image: confluentinc/cp-schema-registry:7.4.0
17:43:10.671 [main] WARN tc.confluentinc/cp-schema-registry:7.4.0 -- Reuse was requested but the environment does not support the reuse of containers
To enable reuse of containers, you must set 'testcontainers.reuse.enable=true' in a file located at /Users/jeffreiffers/.testcontainers.properties
17:43:10.714 [main] INFO tc.confluentinc/cp-schema-registry:7.4.0 -- Container confluentinc/cp-schema-registry:7.4.0 is starting: 832aafe4ca060d03be9c979a455b1bbfa8369d481923a0b7e3f4f0569f024660
17:43:10.874 [main] INFO org.testcontainers.containers.wait.strategy.HttpWaitStrategy -- /beautiful_ramanujan: Waiting for 60 seconds for URL: http://localhost:44023/subjects (where port 44023 maps to container port 8081)
17:43:15.065 [main] INFO tc.confluentinc/cp-schema-registry:7.4.0 -- Container confluentinc/cp-schema-registry:7.4.0 started in PT4.396108S

  .   ____          _            __ _ _
 /\\ / ___'_ __ _ _(_)_ __  __ _ \ \ \ \
( ( )\___ | '_ | '_| | '_ \/ _` | \ \ \ \
 \\/  ___)| |_)| | | | | || (_| |  ) ) ) )
  '  |____| .__|_| |_|_| |_\__, | / / / /
 =========|_|==============|___/=/_/_/_/

 :: Spring Boot ::                (v3.5.6)

2025-10-24T17:43:15.273+02:00  INFO 23103 --- [fdk-resource-service] [           main] n.f.r.i.ResourceServiceIntegrationTest   : Starting ResourceServiceIntegrationTest using Java 22 with PID 23103 (started by jeffreiffers in /Users/jeffreiffers/Digdir/fdk-resource-service)
2025-10-24T17:43:15.273+02:00 DEBUG 23103 --- [fdk-resource-service] [           main] n.f.r.i.ResourceServiceIntegrationTest   : Running with Spring Boot v3.5.6, Spring v6.2.11
2025-10-24T17:43:15.274+02:00  INFO 23103 --- [fdk-resource-service] [           main] n.f.r.i.ResourceServiceIntegrationTest   : The following 1 profile is active: "test"
2025-10-24T17:43:15.818+02:00  INFO 23103 --- [fdk-resource-service] [           main] .s.d.r.c.RepositoryConfigurationDelegate : Bootstrapping Spring Data JPA repositories in DEFAULT mode.
2025-10-24T17:43:15.883+02:00  INFO 23103 --- [fdk-resource-service] [           main] .s.d.r.c.RepositoryConfigurationDelegate : Finished Spring Data repository scanning in 60 ms. Found 1 JPA repository interface.
2025-10-24T17:43:16.338+02:00  INFO 23103 --- [fdk-resource-service] [           main] o.hibernate.jpa.internal.util.LogHelper  : HHH000204: Processing PersistenceUnitInfo [name: default]
2025-10-24T17:43:16.362+02:00  INFO 23103 --- [fdk-resource-service] [           main] org.hibernate.Version                    : HHH000412: Hibernate ORM core version 6.6.29.Final
2025-10-24T17:43:16.374+02:00  INFO 23103 --- [fdk-resource-service] [           main] o.h.c.internal.RegionFactoryInitiator    : HHH000026: Second-level cache disabled
2025-10-24T17:43:16.478+02:00  INFO 23103 --- [fdk-resource-service] [           main] o.s.o.j.p.SpringPersistenceUnitInfo      : No LoadTimeWeaver setup: ignoring JPA class transformer
2025-10-24T17:43:16.489+02:00  INFO 23103 --- [fdk-resource-service] [           main] com.zaxxer.hikari.HikariDataSource       : HikariPool-1 - Starting...
2025-10-24T17:43:16.569+02:00  INFO 23103 --- [fdk-resource-service] [           main] com.zaxxer.hikari.pool.HikariPool        : HikariPool-1 - Added connection org.postgresql.jdbc.PgConnection@63f609a4
2025-10-24T17:43:16.570+02:00  INFO 23103 --- [fdk-resource-service] [           main] com.zaxxer.hikari.HikariDataSource       : HikariPool-1 - Start completed.
2025-10-24T17:43:16.586+02:00  WARN 23103 --- [fdk-resource-service] [           main] org.hibernate.orm.deprecation            : HHH90000025: PostgreSQLDialect does not need to be specified explicitly using 'hibernate.dialect' (remove the property setting and it will be selected by default)
2025-10-24T17:43:16.596+02:00  INFO 23103 --- [fdk-resource-service] [           main] org.hibernate.orm.connections.pooling    : HHH10001005: Database info:
	Database JDBC URL [Connecting through datasource 'HikariDataSource (HikariPool-1)']
	Database driver: undefined/unknown
	Database version: 15.14
	Autocommit mode: undefined/unknown
	Isolation level: undefined/unknown
	Minimum pool size: undefined/unknown
	Maximum pool size: undefined/unknown
2025-10-24T17:43:17.012+02:00  INFO 23103 --- [fdk-resource-service] [           main] o.h.e.t.j.p.i.JtaPlatformInitiator       : HHH000489: No JTA platform available (set 'hibernate.transaction.jta.platform' to enable JTA platform integration)
2025-10-24T17:43:17.017+02:00 DEBUG 23103 --- [fdk-resource-service] [           main] org.hibernate.SQL                        : 
    set client_min_messages = WARNING
Hibernate: 
    set client_min_messages = WARNING
2025-10-24T17:43:17.019+02:00 DEBUG 23103 --- [fdk-resource-service] [           main] org.hibernate.SQL                        : 
    drop table if exists resources cascade
Hibernate: 
    drop table if exists resources cascade
2025-10-24T17:43:17.022+02:00 DEBUG 23103 --- [fdk-resource-service] [           main] org.hibernate.SQL                        : 
    create table resources (
        deleted boolean not null,
        created_at timestamp(6) with time zone not null,
        timestamp bigint not null,
        updated_at timestamp(6) with time zone not null,
        resource_type varchar(50) not null,
        id varchar(255) not null,
        resource_json jsonb,
        resource_json_ld jsonb,
        primary key (id)
    )
Hibernate: 
    create table resources (
        deleted boolean not null,
        created_at timestamp(6) with time zone not null,
        timestamp bigint not null,
        updated_at timestamp(6) with time zone not null,
        resource_type varchar(50) not null,
        id varchar(255) not null,
        resource_json jsonb,
        resource_json_ld jsonb,
        primary key (id)
    )
2025-10-24T17:43:17.027+02:00  INFO 23103 --- [fdk-resource-service] [           main] j.LocalContainerEntityManagerFactoryBean : Initialized JPA EntityManagerFactory for persistence unit 'default'
2025-10-24T17:43:17.128+02:00  WARN 23103 --- [fdk-resource-service] [           main] JpaBaseConfiguration$JpaWebConfiguration : spring.jpa.open-in-view is enabled by default. Therefore, database queries may be performed during view rendering. Explicitly configure spring.jpa.open-in-view to disable this warning
2025-10-24T17:43:17.576+02:00  INFO 23103 --- [fdk-resource-service] [           main] o.s.d.j.r.query.QueryEnhancerFactory     : Hibernate is in classpath; If applicable, HQL parser will be used.
2025-10-24T17:43:18.151+02:00  INFO 23103 --- [fdk-resource-service] [           main] o.s.b.a.e.web.EndpointLinksResolver      : Exposing 3 endpoints beneath base path '/actuator'
2025-10-24T17:43:18.161+02:00  INFO 23103 --- [fdk-resource-service] [           main] n.f.r.i.ResourceServiceIntegrationTest   : Started ResourceServiceIntegrationTest in 3.058 seconds (process running for 12.92)
2025-10-24T17:43:18.530+02:00 DEBUG 23103 --- [fdk-resource-service] [           main] n.f.r.service.ResourceService            : Storing resource JSON with id: test-resource-2, type: CONCEPT, timestamp: 1761320598516
2025-10-24T17:43:18.540+02:00 DEBUG 23103 --- [fdk-resource-service] [           main] org.hibernate.SQL                        : 
    select
        re1_0.id,
        re1_0.created_at,
        re1_0.deleted,
        re1_0.resource_json,
        re1_0.resource_json_ld,
        re1_0.resource_type,
        re1_0.timestamp,
        re1_0.updated_at 
    from
        resources re1_0 
    where
        re1_0.id=?
Hibernate: 
    select
        re1_0.id,
        re1_0.created_at,
        re1_0.deleted,
        re1_0.resource_json,
        re1_0.resource_json_ld,
        re1_0.resource_type,
        re1_0.timestamp,
        re1_0.updated_at 
    from
        resources re1_0 
    where
        re1_0.id=?
2025-10-24T17:43:18.565+02:00 DEBUG 23103 --- [fdk-resource-service] [           main] org.hibernate.SQL                        : 
    select
        re1_0.id,
        re1_0.created_at,
        re1_0.deleted,
        re1_0.resource_json,
        re1_0.resource_json_ld,
        re1_0.resource_type,
        re1_0.timestamp,
        re1_0.updated_at 
    from
        resources re1_0 
    where
        re1_0.id=?
Hibernate: 
    select
        re1_0.id,
        re1_0.created_at,
        re1_0.deleted,
        re1_0.resource_json,
        re1_0.resource_json_ld,
        re1_0.resource_type,
        re1_0.timestamp,
        re1_0.updated_at 
    from
        resources re1_0 
    where
        re1_0.id=?
2025-10-24T17:43:18.593+02:00 DEBUG 23103 --- [fdk-resource-service] [           main] org.hibernate.SQL                        : 
    insert 
    into
        resources
        (created_at, deleted, resource_json, resource_json_ld, resource_type, timestamp, updated_at, id) 
    values
        (?, ?, ?, ?, ?, ?, ?, ?)
Hibernate: 
    insert 
    into
        resources
        (created_at, deleted, resource_json, resource_json_ld, resource_type, timestamp, updated_at, id) 
    values
        (?, ?, ?, ?, ?, ?, ?, ?)
2025-10-24T17:43:18.599+02:00 DEBUG 23103 --- [fdk-resource-service] [           main] n.f.r.service.ResourceService            : Getting resource JSON with uri: https://example.com/test-resource-2 and type: CONCEPT
2025-10-24T17:43:18.614+02:00 DEBUG 23103 --- [fdk-resource-service] [           main] org.hibernate.SQL                        : 
    SELECT
        * 
    FROM
        resources          
    WHERE
        resource_type = ?          
        AND deleted = false          
        AND resource_json->>'uri' = ?     
Hibernate: 
    SELECT
        * 
    FROM
        resources          
    WHERE
        resource_type = ?          
        AND deleted = false          
        AND resource_json->>'uri' = ?     
]]></system-out>
    <system-err><![CDATA[Mockito is currently self-attaching to enable the inline-mock-maker. This will no longer work in future releases of the JDK. Please add Mockito as an agent to your build as described in Mockito's documentation: https://javadoc.io/doc/org.mockito/mockito-core/latest/org.mockito/org/mockito/Mockito.html#0.3
WARNING: A Java agent has been loaded dynamically (/Users/jeffreiffers/.m2/repository/net/bytebuddy/byte-buddy-agent/1.17.7/byte-buddy-agent-1.17.7.jar)
WARNING: If a serviceability tool is in use, please run with -XX:+EnableDynamicAgentLoading to hide this warning
WARNING: If a serviceability tool is not in use, please run with -Djdk.instrument.traceUsage for more information
WARNING: Dynamic loading of agents will be disallowed by default in a future release
]]></system-err>
  </testcase>
  <testcase name="getResourceJson should return null when not found" classname="no.fdk.resourceservice.integration.ResourceServiceIntegrationTest" time="0.027">
    <system-out><![CDATA[2025-10-24T17:43:18.632+02:00 DEBUG 23103 --- [fdk-resource-service] [           main] n.f.r.service.ResourceService            : Getting resource JSON with id: non-existent-resource and type: CONCEPT
2025-10-24T17:43:18.653+02:00 DEBUG 23103 --- [fdk-resource-service] [           main] org.hibernate.SQL                        : 
    select
        re1_0.id,
        re1_0.created_at,
        re1_0.deleted,
        re1_0.resource_json,
        re1_0.resource_json_ld,
        re1_0.resource_type,
        re1_0.timestamp,
        re1_0.updated_at 
    from
        resources re1_0 
    where
        re1_0.id=? 
        and not(re1_0.deleted)
Hibernate: 
    select
        re1_0.id,
        re1_0.created_at,
        re1_0.deleted,
        re1_0.resource_json,
        re1_0.resource_json_ld,
        re1_0.resource_type,
        re1_0.timestamp,
        re1_0.updated_at 
    from
        resources re1_0 
    where
        re1_0.id=? 
        and not(re1_0.deleted)
]]></system-out>
  </testcase>
  <testcase name="getResourceJsonByUri should return null when not found by URI" classname="no.fdk.resourceservice.integration.ResourceServiceIntegrationTest" time="0.006">
    <system-out><![CDATA[2025-10-24T17:43:18.660+02:00 DEBUG 23103 --- [fdk-resource-service] [           main] n.f.r.service.ResourceService            : Getting resource JSON with uri: https://example.com/non-existent and type: CONCEPT
2025-10-24T17:43:18.660+02:00 DEBUG 23103 --- [fdk-resource-service] [           main] org.hibernate.SQL                        : 
    SELECT
        * 
    FROM
        resources          
    WHERE
        resource_type = ?          
        AND deleted = false          
        AND resource_json->>'uri' = ?     
Hibernate: 
    SELECT
        * 
    FROM
        resources          
    WHERE
        resource_type = ?          
        AND deleted = false          
        AND resource_json->>'uri' = ?     
]]></system-out>
  </testcase>
  <testcase name="storeResourceJson should save and retrieve resource" classname="no.fdk.resourceservice.integration.ResourceServiceIntegrationTest" time="0.01">
    <system-out><![CDATA[2025-10-24T17:43:18.666+02:00 DEBUG 23103 --- [fdk-resource-service] [           main] n.f.r.service.ResourceService            : Storing resource JSON with id: test-resource-1, type: CONCEPT, timestamp: 1761320598666
2025-10-24T17:43:18.666+02:00 DEBUG 23103 --- [fdk-resource-service] [           main] org.hibernate.SQL                        : 
    select
        re1_0.id,
        re1_0.created_at,
        re1_0.deleted,
        re1_0.resource_json,
        re1_0.resource_json_ld,
        re1_0.resource_type,
        re1_0.timestamp,
        re1_0.updated_at 
    from
        resources re1_0 
    where
        re1_0.id=?
Hibernate: 
    select
        re1_0.id,
        re1_0.created_at,
        re1_0.deleted,
        re1_0.resource_json,
        re1_0.resource_json_ld,
        re1_0.resource_type,
        re1_0.timestamp,
        re1_0.updated_at 
    from
        resources re1_0 
    where
        re1_0.id=?
2025-10-24T17:43:18.667+02:00 DEBUG 23103 --- [fdk-resource-service] [           main] org.hibernate.SQL                        : 
    select
        re1_0.id,
        re1_0.created_at,
        re1_0.deleted,
        re1_0.resource_json,
        re1_0.resource_json_ld,
        re1_0.resource_type,
        re1_0.timestamp,
        re1_0.updated_at 
    from
        resources re1_0 
    where
        re1_0.id=?
Hibernate: 
    select
        re1_0.id,
        re1_0.created_at,
        re1_0.deleted,
        re1_0.resource_json,
        re1_0.resource_json_ld,
        re1_0.resource_type,
        re1_0.timestamp,
        re1_0.updated_at 
    from
        resources re1_0 
    where
        re1_0.id=?
2025-10-24T17:43:18.668+02:00 DEBUG 23103 --- [fdk-resource-service] [           main] org.hibernate.SQL                        : 
    insert 
    into
        resources
        (created_at, deleted, resource_json, resource_json_ld, resource_type, timestamp, updated_at, id) 
    values
        (?, ?, ?, ?, ?, ?, ?, ?)
Hibernate: 
    insert 
    into
        resources
        (created_at, deleted, resource_json, resource_json_ld, resource_type, timestamp, updated_at, id) 
    values
        (?, ?, ?, ?, ?, ?, ?, ?)
2025-10-24T17:43:18.670+02:00 DEBUG 23103 --- [fdk-resource-service] [           main] n.f.r.service.ResourceService            : Getting resource JSON with id: test-resource-1 and type: CONCEPT
2025-10-24T17:43:18.671+02:00 DEBUG 23103 --- [fdk-resource-service] [           main] org.hibernate.SQL                        : 
    select
        re1_0.id,
        re1_0.created_at,
        re1_0.deleted,
        re1_0.resource_json,
        re1_0.resource_json_ld,
        re1_0.resource_type,
        re1_0.timestamp,
        re1_0.updated_at 
    from
        resources re1_0 
    where
        re1_0.id=? 
        and not(re1_0.deleted)
Hibernate: 
    select
        re1_0.id,
        re1_0.created_at,
        re1_0.deleted,
        re1_0.resource_json,
        re1_0.resource_json_ld,
        re1_0.resource_type,
        re1_0.timestamp,
        re1_0.updated_at 
    from
        resources re1_0 
    where
        re1_0.id=? 
        and not(re1_0.deleted)
]]></system-out>
  </testcase>
</testsuite>